<?xml version="1.0" encoding="UTF-8"?>
<!-- Generated by org.testng.reporters.JUnitReportReporter -->
<testsuite hostname="DESKTOP-ITILOB1" failures="1" tests="1" name="testRunner.RunnerTestNG" time="161.329" errors="0" timestamp="2024-12-02T16:57:30 IST" skipped="0">
  <testcase classname="testRunner.RunnerTestNG" name="runScenario" time="161.329">
    <failure message="Not Able to Move to WebElement:[[ChromeDriver: chrome on windows (b2b1208eaddf0bc5cdc8747a7ad2a63a)] -&gt; xpath: (//select[@ID=&#039;c7dd8e21&#039;])[1]]. On Page title: Retrieval portal expected [true] but found [false]" type="java.lang.AssertionError">
      <![CDATA[java.lang.AssertionError: Not Able to Move to WebElement:[[ChromeDriver: chrome on windows (b2b1208eaddf0bc5cdc8747a7ad2a63a)] -> xpath: (//select[@ID='c7dd8e21'])[1]]. On Page title: Retrieval portal expected [true] but found [false]
at org.testng.Assert.fail(Assert.java:111)
at org.testng.Assert.failNotEquals(Assert.java:1578)
at org.testng.Assert.assertTrue(Assert.java:57)
at utils.KeyWords.moveToWebElement(KeyWords.java:943)
at stepDefinitionFile.Create_RG_Sd.UnderRGSettingEnterdateforLetterPreferenceSection(Create_RG_Sd.java:167)
at âœ½.Under RG Setting Tab Enter date for Letter Preference Section(file:///C:/Users/shaik.hussain/git/HDAP2_PEGAUI_Automation/src/main/java/featureFile/Create_RG.feature:20)
]]>
    </failure>
  </testcase> <!-- runScenario -->
</testsuite> <!-- testRunner.RunnerTestNG -->
