<?xml version="1.0" encoding="UTF-8"?>
<!-- Generated by org.testng.reporters.JUnitReportReporter -->
<testsuite hostname="DESKTOP-ITILOB1" failures="13" tests="480" name="APIs.DemoTestKavyaStory" time="852.455" errors="0" timestamp="2024-11-25T20:04:32 IST" skipped="0">
  <testcase classname="APIs.DemoTestKavyaStory" name="ChaseRequest_With_Single_Matching_RG_01" time="1.226"/>
  <testcase classname="APIs.DemoTestKavyaStory" name="ChaseRequest_With_Single_Matching_RG_01" time="1.189"/>
  <testcase classname="APIs.DemoTestKavyaStory" name="ChaseRequest_With_Single_Matching_RG_01" time="1.205"/>
  <testcase classname="APIs.DemoTestKavyaStory" name="ChaseRequest_With_Single_Matching_RG_01" time="1.233"/>
  <testcase classname="APIs.DemoTestKavyaStory" name="ChaseRequest_With_Single_Matching_RG_01" time="1.206"/>
  <testcase classname="APIs.DemoTestKavyaStory" name="ChaseRequest_With_Single_Matching_RG_01" time="1.191"/>
  <testcase classname="APIs.DemoTestKavyaStory" name="ChaseRequest_With_Single_Matching_RG_01" time="0.945"/>
  <testcase classname="APIs.DemoTestKavyaStory" name="ChaseRequest_With_Single_Matching_RG_01" time="1.892"/>
  <testcase classname="APIs.DemoTestKavyaStory" name="ChaseRequest_With_Single_Matching_RG_01" time="2.114"/>
  <testcase classname="APIs.DemoTestKavyaStory" name="ChaseRequest_With_Single_Matching_RG_01" time="1.186"/>
  <testcase classname="APIs.DemoTestKavyaStory" name="ChaseRequest_With_Single_Matching_RG_01" time="1.239"/>
  <testcase classname="APIs.DemoTestKavyaStory" name="ChaseRequest_With_Single_Matching_RG_01" time="1.960"/>
  <testcase classname="APIs.DemoTestKavyaStory" name="ChaseRequest_With_Single_Matching_RG_01" time="1.170"/>
  <testcase classname="APIs.DemoTestKavyaStory" name="ChaseRequest_With_Single_Matching_RG_01" time="1.414"/>
  <testcase classname="APIs.DemoTestKavyaStory" name="ChaseRequest_With_Single_Matching_RG_01" time="1.177"/>
  <testcase classname="APIs.DemoTestKavyaStory" name="ChaseRequest_With_Single_Matching_RG_01" time="1.219"/>
  <testcase classname="APIs.DemoTestKavyaStory" name="ChaseRequest_With_Single_Matching_RG_01" time="1.178"/>
  <testcase classname="APIs.DemoTestKavyaStory" name="ChaseRequest_With_Single_Matching_RG_01" time="1.205"/>
  <testcase classname="APIs.DemoTestKavyaStory" name="ChaseRequest_With_Single_Matching_RG_01" time="1.230"/>
  <testcase classname="APIs.DemoTestKavyaStory" name="ChaseRequest_With_Single_Matching_RG_01" time="5.855"/>
  <testcase classname="APIs.DemoTestKavyaStory" name="ChaseRequest_With_Single_Matching_RG_01" time="1.154"/>
  <testcase classname="APIs.DemoTestKavyaStory" name="ChaseRequest_With_Single_Matching_RG_01" time="1.204"/>
  <testcase classname="APIs.DemoTestKavyaStory" name="ChaseRequest_With_Single_Matching_RG_01" time="1.182"/>
  <testcase classname="APIs.DemoTestKavyaStory" name="ChaseRequest_With_Single_Matching_RG_01" time="0.963"/>
  <testcase classname="APIs.DemoTestKavyaStory" name="ChaseRequest_With_Single_Matching_RG_01" time="1.090"/>
  <testcase classname="APIs.DemoTestKavyaStory" name="ChaseRequest_With_Single_Matching_RG_01" time="1.193"/>
  <testcase classname="APIs.DemoTestKavyaStory" name="ChaseRequest_With_Single_Matching_RG_01" time="0.963"/>
  <testcase classname="APIs.DemoTestKavyaStory" name="ChaseRequest_With_Single_Matching_RG_01" time="1.189"/>
  <testcase classname="APIs.DemoTestKavyaStory" name="ChaseRequest_With_Single_Matching_RG_01" time="1.506"/>
  <testcase classname="APIs.DemoTestKavyaStory" name="ChaseRequest_With_Single_Matching_RG_01" time="11.150">
    <failure message="1 expectation failed.
Expected status code &lt;202&gt; but was &lt;500&gt;.
" type="java.lang.AssertionError">
      <![CDATA[java.lang.AssertionError: 1 expectation failed.
Expected status code <202> but was <500>.

at java.base/jdk.internal.reflect.NativeConstructorAccessorImpl.newInstance0(Native Method)
at java.base/jdk.internal.reflect.NativeConstructorAccessorImpl.newInstance(NativeConstructorAccessorImpl.java:78)
at java.base/jdk.internal.reflect.DelegatingConstructorAccessorImpl.newInstance(DelegatingConstructorAccessorImpl.java:45)
at java.base/java.lang.reflect.Constructor.newInstanceWithCaller(Constructor.java:499)
at java.base/java.lang.reflect.Constructor.newInstance(Constructor.java:480)
at org.codehaus.groovy.reflection.CachedConstructor.invoke(CachedConstructor.java:73)
at org.codehaus.groovy.runtime.callsite.ConstructorSite$ConstructorSiteNoUnwrapNoCoerce.callConstructor(ConstructorSite.java:108)
at org.codehaus.groovy.runtime.callsite.AbstractCallSite.callConstructor(AbstractCallSite.java:277)
at io.restassured.internal.ResponseSpecificationImpl$HamcrestAssertionClosure.validate(ResponseSpecificationImpl.groovy:512)
at io.restassured.internal.ResponseSpecificationImpl$HamcrestAssertionClosure$validate$1.call(Unknown Source)
at io.restassured.internal.ResponseSpecificationImpl.validateResponseIfRequired(ResponseSpecificationImpl.groovy:696)
at io.restassured.internal.ResponseSpecificationImpl.this$2$validateResponseIfRequired(ResponseSpecificationImpl.groovy)
at jdk.internal.reflect.GeneratedMethodAccessor116.invoke(Unknown Source)
at java.base/jdk.internal.reflect.DelegatingMethodAccessorImpl.invoke(DelegatingMethodAccessorImpl.java:43)
at java.base/java.lang.reflect.Method.invoke(Method.java:567)
at org.codehaus.groovy.runtime.callsite.PlainObjectMetaMethodSite.doInvoke(PlainObjectMetaMethodSite.java:43)
at org.codehaus.groovy.runtime.callsite.PogoMetaMethodSite$PogoCachedMethodSiteNoUnwrapNoCoerce.invoke(PogoMetaMethodSite.java:198)
at org.codehaus.groovy.runtime.callsite.PogoMetaMethodSite.callCurrent(PogoMetaMethodSite.java:62)
at org.codehaus.groovy.runtime.callsite.AbstractCallSite.callCurrent(AbstractCallSite.java:185)
at io.restassured.internal.ResponseSpecificationImpl.statusCode(ResponseSpecificationImpl.groovy:135)
at io.restassured.specification.ResponseSpecification$statusCode$0.callCurrent(Unknown Source)
at io.restassured.internal.ResponseSpecificationImpl.statusCode(ResponseSpecificationImpl.groovy:143)
at io.restassured.internal.ValidatableResponseOptionsImpl.statusCode(ValidatableResponseOptionsImpl.java:89)
at APIs.DemoTestKavyaStory.ChaseRequest_With_Single_Matching_RG_01(DemoTestKavyaStory.java:33)
at jdk.internal.reflect.GeneratedMethodAccessor122.invoke(Unknown Source)
at java.base/jdk.internal.reflect.DelegatingMethodAccessorImpl.invoke(DelegatingMethodAccessorImpl.java:43)
at java.base/java.lang.reflect.Method.invoke(Method.java:567)
at org.testng.internal.invokers.MethodInvocationHelper.invokeMethod(MethodInvocationHelper.java:141)
at org.testng.internal.invokers.TestInvoker.invokeMethod(TestInvoker.java:686)
at org.testng.internal.invokers.TestInvoker.invokeTestMethod(TestInvoker.java:230)
at org.testng.internal.invokers.MethodRunner.runInSequence(MethodRunner.java:63)
at org.testng.internal.invokers.TestInvoker$MethodInvocationAgent.invoke(TestInvoker.java:992)
at org.testng.internal.invokers.TestInvoker.invokeTestMethods(TestInvoker.java:203)
at org.testng.internal.invokers.TestMethodWorker.invokeTestMethods(TestMethodWorker.java:154)
at org.testng.internal.invokers.TestMethodWorker.run(TestMethodWorker.java:134)
at java.base/java.util.ArrayList.forEach(ArrayList.java:1511)
at org.testng.TestRunner.privateRun(TestRunner.java:739)
at org.testng.TestRunner.run(TestRunner.java:614)
at org.testng.SuiteRunner.runTest(SuiteRunner.java:421)
at org.testng.SuiteRunner.runSequentially(SuiteRunner.java:413)
at org.testng.SuiteRunner.privateRun(SuiteRunner.java:373)
at org.testng.SuiteRunner.run(SuiteRunner.java:312)
at org.testng.SuiteRunnerWorker.runSuite(SuiteRunnerWorker.java:52)
at org.testng.SuiteRunnerWorker.run(SuiteRunnerWorker.java:95)
at org.testng.TestNG.runSuitesSequentially(TestNG.java:1274)
at org.testng.TestNG.runSuitesLocally(TestNG.java:1208)
at org.testng.TestNG.runSuites(TestNG.java:1112)
at org.testng.TestNG.run(TestNG.java:1079)
at org.testng.remote.AbstractRemoteTestNG.run(AbstractRemoteTestNG.java:115)
at org.testng.remote.RemoteTestNG.initAndRun(RemoteTestNG.java:293)
at org.testng.remote.RemoteTestNG.main(RemoteTestNG.java:91)
]]>
    </failure>
  </testcase> <!-- ChaseRequest_With_Single_Matching_RG_01 -->
  <testcase classname="APIs.DemoTestKavyaStory" name="ChaseRequest_With_Single_Matching_RG_01" time="1.211"/>
  <testcase classname="APIs.DemoTestKavyaStory" name="ChaseRequest_With_Single_Matching_RG_01" time="1.341"/>
  <testcase classname="APIs.DemoTestKavyaStory" name="ChaseRequest_With_Single_Matching_RG_01" time="1.104"/>
  <testcase classname="APIs.DemoTestKavyaStory" name="ChaseRequest_With_Single_Matching_RG_01" time="1.230"/>
  <testcase classname="APIs.DemoTestKavyaStory" name="ChaseRequest_With_Single_Matching_RG_01" time="0.959"/>
  <testcase classname="APIs.DemoTestKavyaStory" name="ChaseRequest_With_Single_Matching_RG_01" time="1.294"/>
  <testcase classname="APIs.DemoTestKavyaStory" name="ChaseRequest_With_Single_Matching_RG_01" time="1.208"/>
  <testcase classname="APIs.DemoTestKavyaStory" name="ChaseRequest_With_Single_Matching_RG_01" time="1.247"/>
  <testcase classname="APIs.DemoTestKavyaStory" name="ChaseRequest_With_Single_Matching_RG_01" time="1.297"/>
  <testcase classname="APIs.DemoTestKavyaStory" name="ChaseRequest_With_Single_Matching_RG_01" time="1.237"/>
  <testcase classname="APIs.DemoTestKavyaStory" name="ChaseRequest_With_Single_Matching_RG_01" time="1.388"/>
  <testcase classname="APIs.DemoTestKavyaStory" name="ChaseRequest_With_Single_Matching_RG_01" time="1.207"/>
  <testcase classname="APIs.DemoTestKavyaStory" name="ChaseRequest_With_Single_Matching_RG_01" time="0.970"/>
  <testcase classname="APIs.DemoTestKavyaStory" name="ChaseRequest_With_Single_Matching_RG_01" time="1.304"/>
  <testcase classname="APIs.DemoTestKavyaStory" name="ChaseRequest_With_Single_Matching_RG_01" time="1.065"/>
  <testcase classname="APIs.DemoTestKavyaStory" name="ChaseRequest_With_Single_Matching_RG_01" time="11.018">
    <failure message="1 expectation failed.
Expected status code &lt;202&gt; but was &lt;500&gt;.
" type="java.lang.AssertionError">
      <![CDATA[java.lang.AssertionError: 1 expectation failed.
Expected status code <202> but was <500>.

at java.base/jdk.internal.reflect.NativeConstructorAccessorImpl.newInstance0(Native Method)
at java.base/jdk.internal.reflect.NativeConstructorAccessorImpl.newInstance(NativeConstructorAccessorImpl.java:78)
at java.base/jdk.internal.reflect.DelegatingConstructorAccessorImpl.newInstance(DelegatingConstructorAccessorImpl.java:45)
at java.base/java.lang.reflect.Constructor.newInstanceWithCaller(Constructor.java:499)
at java.base/java.lang.reflect.Constructor.newInstance(Constructor.java:480)
at org.codehaus.groovy.reflection.CachedConstructor.invoke(CachedConstructor.java:73)
at org.codehaus.groovy.runtime.callsite.ConstructorSite$ConstructorSiteNoUnwrapNoCoerce.callConstructor(ConstructorSite.java:108)
at org.codehaus.groovy.runtime.callsite.AbstractCallSite.callConstructor(AbstractCallSite.java:277)
at io.restassured.internal.ResponseSpecificationImpl$HamcrestAssertionClosure.validate(ResponseSpecificationImpl.groovy:512)
at io.restassured.internal.ResponseSpecificationImpl$HamcrestAssertionClosure$validate$1.call(Unknown Source)
at io.restassured.internal.ResponseSpecificationImpl.validateResponseIfRequired(ResponseSpecificationImpl.groovy:696)
at io.restassured.internal.ResponseSpecificationImpl.this$2$validateResponseIfRequired(ResponseSpecificationImpl.groovy)
at jdk.internal.reflect.GeneratedMethodAccessor116.invoke(Unknown Source)
at java.base/jdk.internal.reflect.DelegatingMethodAccessorImpl.invoke(DelegatingMethodAccessorImpl.java:43)
at java.base/java.lang.reflect.Method.invoke(Method.java:567)
at org.codehaus.groovy.runtime.callsite.PlainObjectMetaMethodSite.doInvoke(PlainObjectMetaMethodSite.java:43)
at org.codehaus.groovy.runtime.callsite.PogoMetaMethodSite$PogoCachedMethodSiteNoUnwrapNoCoerce.invoke(PogoMetaMethodSite.java:198)
at org.codehaus.groovy.runtime.callsite.PogoMetaMethodSite.callCurrent(PogoMetaMethodSite.java:62)
at org.codehaus.groovy.runtime.callsite.AbstractCallSite.callCurrent(AbstractCallSite.java:185)
at io.restassured.internal.ResponseSpecificationImpl.statusCode(ResponseSpecificationImpl.groovy:135)
at io.restassured.specification.ResponseSpecification$statusCode$0.callCurrent(Unknown Source)
at io.restassured.internal.ResponseSpecificationImpl.statusCode(ResponseSpecificationImpl.groovy:143)
at io.restassured.internal.ValidatableResponseOptionsImpl.statusCode(ValidatableResponseOptionsImpl.java:89)
at APIs.DemoTestKavyaStory.ChaseRequest_With_Single_Matching_RG_01(DemoTestKavyaStory.java:33)
at jdk.internal.reflect.GeneratedMethodAccessor122.invoke(Unknown Source)
at java.base/jdk.internal.reflect.DelegatingMethodAccessorImpl.invoke(DelegatingMethodAccessorImpl.java:43)
at java.base/java.lang.reflect.Method.invoke(Method.java:567)
at org.testng.internal.invokers.MethodInvocationHelper.invokeMethod(MethodInvocationHelper.java:141)
at org.testng.internal.invokers.TestInvoker.invokeMethod(TestInvoker.java:686)
at org.testng.internal.invokers.TestInvoker.invokeTestMethod(TestInvoker.java:230)
at org.testng.internal.invokers.MethodRunner.runInSequence(MethodRunner.java:63)
at org.testng.internal.invokers.TestInvoker$MethodInvocationAgent.invoke(TestInvoker.java:992)
at org.testng.internal.invokers.TestInvoker.invokeTestMethods(TestInvoker.java:203)
at org.testng.internal.invokers.TestMethodWorker.invokeTestMethods(TestMethodWorker.java:154)
at org.testng.internal.invokers.TestMethodWorker.run(TestMethodWorker.java:134)
at java.base/java.util.ArrayList.forEach(ArrayList.java:1511)
at org.testng.TestRunner.privateRun(TestRunner.java:739)
at org.testng.TestRunner.run(TestRunner.java:614)
at org.testng.SuiteRunner.runTest(SuiteRunner.java:421)
at org.testng.SuiteRunner.runSequentially(SuiteRunner.java:413)
at org.testng.SuiteRunner.privateRun(SuiteRunner.java:373)
at org.testng.SuiteRunner.run(SuiteRunner.java:312)
at org.testng.SuiteRunnerWorker.runSuite(SuiteRunnerWorker.java:52)
at org.testng.SuiteRunnerWorker.run(SuiteRunnerWorker.java:95)
at org.testng.TestNG.runSuitesSequentially(TestNG.java:1274)
at org.testng.TestNG.runSuitesLocally(TestNG.java:1208)
at org.testng.TestNG.runSuites(TestNG.java:1112)
at org.testng.TestNG.run(TestNG.java:1079)
at org.testng.remote.AbstractRemoteTestNG.run(AbstractRemoteTestNG.java:115)
at org.testng.remote.RemoteTestNG.initAndRun(RemoteTestNG.java:293)
at org.testng.remote.RemoteTestNG.main(RemoteTestNG.java:91)
]]>
    </failure>
  </testcase> <!-- ChaseRequest_With_Single_Matching_RG_01 -->
  <testcase classname="APIs.DemoTestKavyaStory" name="ChaseRequest_With_Single_Matching_RG_01" time="1.280"/>
  <testcase classname="APIs.DemoTestKavyaStory" name="ChaseRequest_With_Single_Matching_RG_01" time="1.045"/>
  <testcase classname="APIs.DemoTestKavyaStory" name="ChaseRequest_With_Single_Matching_RG_01" time="1.300"/>
  <testcase classname="APIs.DemoTestKavyaStory" name="ChaseRequest_With_Single_Matching_RG_01" time="0.950"/>
  <testcase classname="APIs.DemoTestKavyaStory" name="ChaseRequest_With_Single_Matching_RG_01" time="1.245"/>
  <testcase classname="APIs.DemoTestKavyaStory" name="ChaseRequest_With_Single_Matching_RG_01" time="1.234"/>
  <testcase classname="APIs.DemoTestKavyaStory" name="ChaseRequest_With_Single_Matching_RG_01" time="1.177"/>
  <testcase classname="APIs.DemoTestKavyaStory" name="ChaseRequest_With_Single_Matching_RG_01" time="3.749"/>
  <testcase classname="APIs.DemoTestKavyaStory" name="ChaseRequest_With_Single_Matching_RG_01" time="1.246"/>
  <testcase classname="APIs.DemoTestKavyaStory" name="ChaseRequest_With_Single_Matching_RG_01" time="1.259"/>
  <testcase classname="APIs.DemoTestKavyaStory" name="ChaseRequest_With_Single_Matching_RG_01" time="1.156"/>
  <testcase classname="APIs.DemoTestKavyaStory" name="ChaseRequest_With_Single_Matching_RG_01" time="4.187"/>
  <testcase classname="APIs.DemoTestKavyaStory" name="ChaseRequest_With_Single_Matching_RG_01" time="1.239"/>
  <testcase classname="APIs.DemoTestKavyaStory" name="ChaseRequest_With_Single_Matching_RG_01" time="0.944"/>
  <testcase classname="APIs.DemoTestKavyaStory" name="ChaseRequest_With_Single_Matching_RG_01" time="1.086"/>
  <testcase classname="APIs.DemoTestKavyaStory" name="ChaseRequest_With_Single_Matching_RG_01" time="6.711"/>
  <testcase classname="APIs.DemoTestKavyaStory" name="ChaseRequest_With_Single_Matching_RG_01" time="1.264"/>
  <testcase classname="APIs.DemoTestKavyaStory" name="ChaseRequest_With_Single_Matching_RG_01" time="1.091"/>
  <testcase classname="APIs.DemoTestKavyaStory" name="ChaseRequest_With_Single_Matching_RG_01" time="1.240"/>
  <testcase classname="APIs.DemoTestKavyaStory" name="ChaseRequest_With_Single_Matching_RG_01" time="1.213"/>
  <testcase classname="APIs.DemoTestKavyaStory" name="ChaseRequest_With_Single_Matching_RG_01" time="1.307"/>
  <testcase classname="APIs.DemoTestKavyaStory" name="ChaseRequest_With_Single_Matching_RG_01" time="1.275"/>
  <testcase classname="APIs.DemoTestKavyaStory" name="ChaseRequest_With_Single_Matching_RG_01" time="7.305"/>
  <testcase classname="APIs.DemoTestKavyaStory" name="ChaseRequest_With_Single_Matching_RG_01" time="1.629"/>
  <testcase classname="APIs.DemoTestKavyaStory" name="ChaseRequest_With_Single_Matching_RG_01" time="1.226"/>
  <testcase classname="APIs.DemoTestKavyaStory" name="ChaseRequest_With_Single_Matching_RG_01" time="12.569"/>
  <testcase classname="APIs.DemoTestKavyaStory" name="ChaseRequest_With_Single_Matching_RG_01" time="1.293"/>
  <testcase classname="APIs.DemoTestKavyaStory" name="ChaseRequest_With_Single_Matching_RG_01" time="1.251"/>
  <testcase classname="APIs.DemoTestKavyaStory" name="ChaseRequest_With_Single_Matching_RG_01" time="1.197"/>
  <testcase classname="APIs.DemoTestKavyaStory" name="ChaseRequest_With_Single_Matching_RG_01" time="1.328"/>
  <testcase classname="APIs.DemoTestKavyaStory" name="ChaseRequest_With_Single_Matching_RG_01" time="2.520"/>
  <testcase classname="APIs.DemoTestKavyaStory" name="ChaseRequest_With_Single_Matching_RG_01" time="1.238"/>
  <testcase classname="APIs.DemoTestKavyaStory" name="ChaseRequest_With_Single_Matching_RG_01" time="1.255"/>
  <testcase classname="APIs.DemoTestKavyaStory" name="ChaseRequest_With_Single_Matching_RG_01" time="1.208"/>
  <testcase classname="APIs.DemoTestKavyaStory" name="ChaseRequest_With_Single_Matching_RG_01" time="11.088">
    <failure message="1 expectation failed.
Expected status code &lt;202&gt; but was &lt;500&gt;.
" type="java.lang.AssertionError">
      <![CDATA[java.lang.AssertionError: 1 expectation failed.
Expected status code <202> but was <500>.

at java.base/jdk.internal.reflect.NativeConstructorAccessorImpl.newInstance0(Native Method)
at java.base/jdk.internal.reflect.NativeConstructorAccessorImpl.newInstance(NativeConstructorAccessorImpl.java:78)
at java.base/jdk.internal.reflect.DelegatingConstructorAccessorImpl.newInstance(DelegatingConstructorAccessorImpl.java:45)
at java.base/java.lang.reflect.Constructor.newInstanceWithCaller(Constructor.java:499)
at java.base/java.lang.reflect.Constructor.newInstance(Constructor.java:480)
at org.codehaus.groovy.reflection.CachedConstructor.invoke(CachedConstructor.java:73)
at org.codehaus.groovy.runtime.callsite.ConstructorSite$ConstructorSiteNoUnwrapNoCoerce.callConstructor(ConstructorSite.java:108)
at org.codehaus.groovy.runtime.callsite.AbstractCallSite.callConstructor(AbstractCallSite.java:277)
at io.restassured.internal.ResponseSpecificationImpl$HamcrestAssertionClosure.validate(ResponseSpecificationImpl.groovy:512)
at io.restassured.internal.ResponseSpecificationImpl$HamcrestAssertionClosure$validate$1.call(Unknown Source)
at io.restassured.internal.ResponseSpecificationImpl.validateResponseIfRequired(ResponseSpecificationImpl.groovy:696)
at io.restassured.internal.ResponseSpecificationImpl.this$2$validateResponseIfRequired(ResponseSpecificationImpl.groovy)
at jdk.internal.reflect.GeneratedMethodAccessor116.invoke(Unknown Source)
at java.base/jdk.internal.reflect.DelegatingMethodAccessorImpl.invoke(DelegatingMethodAccessorImpl.java:43)
at java.base/java.lang.reflect.Method.invoke(Method.java:567)
at org.codehaus.groovy.runtime.callsite.PlainObjectMetaMethodSite.doInvoke(PlainObjectMetaMethodSite.java:43)
at org.codehaus.groovy.runtime.callsite.PogoMetaMethodSite$PogoCachedMethodSiteNoUnwrapNoCoerce.invoke(PogoMetaMethodSite.java:198)
at org.codehaus.groovy.runtime.callsite.PogoMetaMethodSite.callCurrent(PogoMetaMethodSite.java:62)
at org.codehaus.groovy.runtime.callsite.AbstractCallSite.callCurrent(AbstractCallSite.java:185)
at io.restassured.internal.ResponseSpecificationImpl.statusCode(ResponseSpecificationImpl.groovy:135)
at io.restassured.specification.ResponseSpecification$statusCode$0.callCurrent(Unknown Source)
at io.restassured.internal.ResponseSpecificationImpl.statusCode(ResponseSpecificationImpl.groovy:143)
at io.restassured.internal.ValidatableResponseOptionsImpl.statusCode(ValidatableResponseOptionsImpl.java:89)
at APIs.DemoTestKavyaStory.ChaseRequest_With_Single_Matching_RG_01(DemoTestKavyaStory.java:33)
at jdk.internal.reflect.GeneratedMethodAccessor122.invoke(Unknown Source)
at java.base/jdk.internal.reflect.DelegatingMethodAccessorImpl.invoke(DelegatingMethodAccessorImpl.java:43)
at java.base/java.lang.reflect.Method.invoke(Method.java:567)
at org.testng.internal.invokers.MethodInvocationHelper.invokeMethod(MethodInvocationHelper.java:141)
at org.testng.internal.invokers.TestInvoker.invokeMethod(TestInvoker.java:686)
at org.testng.internal.invokers.TestInvoker.invokeTestMethod(TestInvoker.java:230)
at org.testng.internal.invokers.MethodRunner.runInSequence(MethodRunner.java:63)
at org.testng.internal.invokers.TestInvoker$MethodInvocationAgent.invoke(TestInvoker.java:992)
at org.testng.internal.invokers.TestInvoker.invokeTestMethods(TestInvoker.java:203)
at org.testng.internal.invokers.TestMethodWorker.invokeTestMethods(TestMethodWorker.java:154)
at org.testng.internal.invokers.TestMethodWorker.run(TestMethodWorker.java:134)
at java.base/java.util.ArrayList.forEach(ArrayList.java:1511)
at org.testng.TestRunner.privateRun(TestRunner.java:739)
at org.testng.TestRunner.run(TestRunner.java:614)
at org.testng.SuiteRunner.runTest(SuiteRunner.java:421)
at org.testng.SuiteRunner.runSequentially(SuiteRunner.java:413)
at org.testng.SuiteRunner.privateRun(SuiteRunner.java:373)
at org.testng.SuiteRunner.run(SuiteRunner.java:312)
at org.testng.SuiteRunnerWorker.runSuite(SuiteRunnerWorker.java:52)
at org.testng.SuiteRunnerWorker.run(SuiteRunnerWorker.java:95)
at org.testng.TestNG.runSuitesSequentially(TestNG.java:1274)
at org.testng.TestNG.runSuitesLocally(TestNG.java:1208)
at org.testng.TestNG.runSuites(TestNG.java:1112)
at org.testng.TestNG.run(TestNG.java:1079)
at org.testng.remote.AbstractRemoteTestNG.run(AbstractRemoteTestNG.java:115)
at org.testng.remote.RemoteTestNG.initAndRun(RemoteTestNG.java:293)
at org.testng.remote.RemoteTestNG.main(RemoteTestNG.java:91)
]]>
    </failure>
  </testcase> <!-- ChaseRequest_With_Single_Matching_RG_01 -->
  <testcase classname="APIs.DemoTestKavyaStory" name="ChaseRequest_With_Single_Matching_RG_01" time="12.229">
    <failure message="1 expectation failed.
Expected status code &lt;202&gt; but was &lt;500&gt;.
" type="java.lang.AssertionError">
      <![CDATA[java.lang.AssertionError: 1 expectation failed.
Expected status code <202> but was <500>.

at java.base/jdk.internal.reflect.NativeConstructorAccessorImpl.newInstance0(Native Method)
at java.base/jdk.internal.reflect.NativeConstructorAccessorImpl.newInstance(NativeConstructorAccessorImpl.java:78)
at java.base/jdk.internal.reflect.DelegatingConstructorAccessorImpl.newInstance(DelegatingConstructorAccessorImpl.java:45)
at java.base/java.lang.reflect.Constructor.newInstanceWithCaller(Constructor.java:499)
at java.base/java.lang.reflect.Constructor.newInstance(Constructor.java:480)
at org.codehaus.groovy.reflection.CachedConstructor.invoke(CachedConstructor.java:73)
at org.codehaus.groovy.runtime.callsite.ConstructorSite$ConstructorSiteNoUnwrapNoCoerce.callConstructor(ConstructorSite.java:108)
at org.codehaus.groovy.runtime.callsite.AbstractCallSite.callConstructor(AbstractCallSite.java:277)
at io.restassured.internal.ResponseSpecificationImpl$HamcrestAssertionClosure.validate(ResponseSpecificationImpl.groovy:512)
at io.restassured.internal.ResponseSpecificationImpl$HamcrestAssertionClosure$validate$1.call(Unknown Source)
at io.restassured.internal.ResponseSpecificationImpl.validateResponseIfRequired(ResponseSpecificationImpl.groovy:696)
at io.restassured.internal.ResponseSpecificationImpl.this$2$validateResponseIfRequired(ResponseSpecificationImpl.groovy)
at jdk.internal.reflect.GeneratedMethodAccessor116.invoke(Unknown Source)
at java.base/jdk.internal.reflect.DelegatingMethodAccessorImpl.invoke(DelegatingMethodAccessorImpl.java:43)
at java.base/java.lang.reflect.Method.invoke(Method.java:567)
at org.codehaus.groovy.runtime.callsite.PlainObjectMetaMethodSite.doInvoke(PlainObjectMetaMethodSite.java:43)
at org.codehaus.groovy.runtime.callsite.PogoMetaMethodSite$PogoCachedMethodSiteNoUnwrapNoCoerce.invoke(PogoMetaMethodSite.java:198)
at org.codehaus.groovy.runtime.callsite.PogoMetaMethodSite.callCurrent(PogoMetaMethodSite.java:62)
at org.codehaus.groovy.runtime.callsite.AbstractCallSite.callCurrent(AbstractCallSite.java:185)
at io.restassured.internal.ResponseSpecificationImpl.statusCode(ResponseSpecificationImpl.groovy:135)
at io.restassured.specification.ResponseSpecification$statusCode$0.callCurrent(Unknown Source)
at io.restassured.internal.ResponseSpecificationImpl.statusCode(ResponseSpecificationImpl.groovy:143)
at io.restassured.internal.ValidatableResponseOptionsImpl.statusCode(ValidatableResponseOptionsImpl.java:89)
at APIs.DemoTestKavyaStory.ChaseRequest_With_Single_Matching_RG_01(DemoTestKavyaStory.java:33)
at jdk.internal.reflect.GeneratedMethodAccessor122.invoke(Unknown Source)
at java.base/jdk.internal.reflect.DelegatingMethodAccessorImpl.invoke(DelegatingMethodAccessorImpl.java:43)
at java.base/java.lang.reflect.Method.invoke(Method.java:567)
at org.testng.internal.invokers.MethodInvocationHelper.invokeMethod(MethodInvocationHelper.java:141)
at org.testng.internal.invokers.TestInvoker.invokeMethod(TestInvoker.java:686)
at org.testng.internal.invokers.TestInvoker.invokeTestMethod(TestInvoker.java:230)
at org.testng.internal.invokers.MethodRunner.runInSequence(MethodRunner.java:63)
at org.testng.internal.invokers.TestInvoker$MethodInvocationAgent.invoke(TestInvoker.java:992)
at org.testng.internal.invokers.TestInvoker.invokeTestMethods(TestInvoker.java:203)
at org.testng.internal.invokers.TestMethodWorker.invokeTestMethods(TestMethodWorker.java:154)
at org.testng.internal.invokers.TestMethodWorker.run(TestMethodWorker.java:134)
at java.base/java.util.ArrayList.forEach(ArrayList.java:1511)
at org.testng.TestRunner.privateRun(TestRunner.java:739)
at org.testng.TestRunner.run(TestRunner.java:614)
at org.testng.SuiteRunner.runTest(SuiteRunner.java:421)
at org.testng.SuiteRunner.runSequentially(SuiteRunner.java:413)
at org.testng.SuiteRunner.privateRun(SuiteRunner.java:373)
at org.testng.SuiteRunner.run(SuiteRunner.java:312)
at org.testng.SuiteRunnerWorker.runSuite(SuiteRunnerWorker.java:52)
at org.testng.SuiteRunnerWorker.run(SuiteRunnerWorker.java:95)
at org.testng.TestNG.runSuitesSequentially(TestNG.java:1274)
at org.testng.TestNG.runSuitesLocally(TestNG.java:1208)
at org.testng.TestNG.runSuites(TestNG.java:1112)
at org.testng.TestNG.run(TestNG.java:1079)
at org.testng.remote.AbstractRemoteTestNG.run(AbstractRemoteTestNG.java:115)
at org.testng.remote.RemoteTestNG.initAndRun(RemoteTestNG.java:293)
at org.testng.remote.RemoteTestNG.main(RemoteTestNG.java:91)
]]>
    </failure>
  </testcase> <!-- ChaseRequest_With_Single_Matching_RG_01 -->
  <testcase classname="APIs.DemoTestKavyaStory" name="ChaseRequest_With_Single_Matching_RG_01" time="10.849"/>
  <testcase classname="APIs.DemoTestKavyaStory" name="ChaseRequest_With_Single_Matching_RG_01" time="1.286"/>
  <testcase classname="APIs.DemoTestKavyaStory" name="ChaseRequest_With_Single_Matching_RG_01" time="0.947"/>
  <testcase classname="APIs.DemoTestKavyaStory" name="ChaseRequest_With_Single_Matching_RG_01" time="1.250"/>
  <testcase classname="APIs.DemoTestKavyaStory" name="ChaseRequest_With_Single_Matching_RG_01" time="1.445"/>
  <testcase classname="APIs.DemoTestKavyaStory" name="ChaseRequest_With_Single_Matching_RG_01" time="1.303"/>
  <testcase classname="APIs.DemoTestKavyaStory" name="ChaseRequest_With_Single_Matching_RG_01" time="0.946"/>
  <testcase classname="APIs.DemoTestKavyaStory" name="ChaseRequest_With_Single_Matching_RG_01" time="1.140"/>
  <testcase classname="APIs.DemoTestKavyaStory" name="ChaseRequest_With_Single_Matching_RG_01" time="1.366"/>
  <testcase classname="APIs.DemoTestKavyaStory" name="ChaseRequest_With_Single_Matching_RG_01" time="1.573"/>
  <testcase classname="APIs.DemoTestKavyaStory" name="ChaseRequest_With_Single_Matching_RG_01" time="1.200"/>
  <testcase classname="APIs.DemoTestKavyaStory" name="ChaseRequest_With_Single_Matching_RG_01" time="1.065"/>
  <testcase classname="APIs.DemoTestKavyaStory" name="ChaseRequest_With_Single_Matching_RG_01" time="1.124"/>
  <testcase classname="APIs.DemoTestKavyaStory" name="ChaseRequest_With_Single_Matching_RG_01" time="1.105"/>
  <testcase classname="APIs.DemoTestKavyaStory" name="ChaseRequest_With_Single_Matching_RG_01" time="0.972"/>
  <testcase classname="APIs.DemoTestKavyaStory" name="ChaseRequest_With_Single_Matching_RG_01" time="1.127"/>
  <testcase classname="APIs.DemoTestKavyaStory" name="ChaseRequest_With_Single_Matching_RG_01" time="0.953"/>
  <testcase classname="APIs.DemoTestKavyaStory" name="ChaseRequest_With_Single_Matching_RG_01" time="11.178">
    <failure message="1 expectation failed.
Expected status code &lt;202&gt; but was &lt;500&gt;.
" type="java.lang.AssertionError">
      <![CDATA[java.lang.AssertionError: 1 expectation failed.
Expected status code <202> but was <500>.

at java.base/jdk.internal.reflect.NativeConstructorAccessorImpl.newInstance0(Native Method)
at java.base/jdk.internal.reflect.NativeConstructorAccessorImpl.newInstance(NativeConstructorAccessorImpl.java:78)
at java.base/jdk.internal.reflect.DelegatingConstructorAccessorImpl.newInstance(DelegatingConstructorAccessorImpl.java:45)
at java.base/java.lang.reflect.Constructor.newInstanceWithCaller(Constructor.java:499)
at java.base/java.lang.reflect.Constructor.newInstance(Constructor.java:480)
at org.codehaus.groovy.reflection.CachedConstructor.invoke(CachedConstructor.java:73)
at org.codehaus.groovy.runtime.callsite.ConstructorSite$ConstructorSiteNoUnwrapNoCoerce.callConstructor(ConstructorSite.java:108)
at org.codehaus.groovy.runtime.callsite.AbstractCallSite.callConstructor(AbstractCallSite.java:277)
at io.restassured.internal.ResponseSpecificationImpl$HamcrestAssertionClosure.validate(ResponseSpecificationImpl.groovy:512)
at io.restassured.internal.ResponseSpecificationImpl$HamcrestAssertionClosure$validate$1.call(Unknown Source)
at io.restassured.internal.ResponseSpecificationImpl.validateResponseIfRequired(ResponseSpecificationImpl.groovy:696)
at io.restassured.internal.ResponseSpecificationImpl.this$2$validateResponseIfRequired(ResponseSpecificationImpl.groovy)
at jdk.internal.reflect.GeneratedMethodAccessor116.invoke(Unknown Source)
at java.base/jdk.internal.reflect.DelegatingMethodAccessorImpl.invoke(DelegatingMethodAccessorImpl.java:43)
at java.base/java.lang.reflect.Method.invoke(Method.java:567)
at org.codehaus.groovy.runtime.callsite.PlainObjectMetaMethodSite.doInvoke(PlainObjectMetaMethodSite.java:43)
at org.codehaus.groovy.runtime.callsite.PogoMetaMethodSite$PogoCachedMethodSiteNoUnwrapNoCoerce.invoke(PogoMetaMethodSite.java:198)
at org.codehaus.groovy.runtime.callsite.PogoMetaMethodSite.callCurrent(PogoMetaMethodSite.java:62)
at org.codehaus.groovy.runtime.callsite.AbstractCallSite.callCurrent(AbstractCallSite.java:185)
at io.restassured.internal.ResponseSpecificationImpl.statusCode(ResponseSpecificationImpl.groovy:135)
at io.restassured.specification.ResponseSpecification$statusCode$0.callCurrent(Unknown Source)
at io.restassured.internal.ResponseSpecificationImpl.statusCode(ResponseSpecificationImpl.groovy:143)
at io.restassured.internal.ValidatableResponseOptionsImpl.statusCode(ValidatableResponseOptionsImpl.java:89)
at APIs.DemoTestKavyaStory.ChaseRequest_With_Single_Matching_RG_01(DemoTestKavyaStory.java:33)
at jdk.internal.reflect.GeneratedMethodAccessor122.invoke(Unknown Source)
at java.base/jdk.internal.reflect.DelegatingMethodAccessorImpl.invoke(DelegatingMethodAccessorImpl.java:43)
at java.base/java.lang.reflect.Method.invoke(Method.java:567)
at org.testng.internal.invokers.MethodInvocationHelper.invokeMethod(MethodInvocationHelper.java:141)
at org.testng.internal.invokers.TestInvoker.invokeMethod(TestInvoker.java:686)
at org.testng.internal.invokers.TestInvoker.invokeTestMethod(TestInvoker.java:230)
at org.testng.internal.invokers.MethodRunner.runInSequence(MethodRunner.java:63)
at org.testng.internal.invokers.TestInvoker$MethodInvocationAgent.invoke(TestInvoker.java:992)
at org.testng.internal.invokers.TestInvoker.invokeTestMethods(TestInvoker.java:203)
at org.testng.internal.invokers.TestMethodWorker.invokeTestMethods(TestMethodWorker.java:154)
at org.testng.internal.invokers.TestMethodWorker.run(TestMethodWorker.java:134)
at java.base/java.util.ArrayList.forEach(ArrayList.java:1511)
at org.testng.TestRunner.privateRun(TestRunner.java:739)
at org.testng.TestRunner.run(TestRunner.java:614)
at org.testng.SuiteRunner.runTest(SuiteRunner.java:421)
at org.testng.SuiteRunner.runSequentially(SuiteRunner.java:413)
at org.testng.SuiteRunner.privateRun(SuiteRunner.java:373)
at org.testng.SuiteRunner.run(SuiteRunner.java:312)
at org.testng.SuiteRunnerWorker.runSuite(SuiteRunnerWorker.java:52)
at org.testng.SuiteRunnerWorker.run(SuiteRunnerWorker.java:95)
at org.testng.TestNG.runSuitesSequentially(TestNG.java:1274)
at org.testng.TestNG.runSuitesLocally(TestNG.java:1208)
at org.testng.TestNG.runSuites(TestNG.java:1112)
at org.testng.TestNG.run(TestNG.java:1079)
at org.testng.remote.AbstractRemoteTestNG.run(AbstractRemoteTestNG.java:115)
at org.testng.remote.RemoteTestNG.initAndRun(RemoteTestNG.java:293)
at org.testng.remote.RemoteTestNG.main(RemoteTestNG.java:91)
]]>
    </failure>
  </testcase> <!-- ChaseRequest_With_Single_Matching_RG_01 -->
  <testcase classname="APIs.DemoTestKavyaStory" name="ChaseRequest_With_Single_Matching_RG_01" time="1.195"/>
  <testcase classname="APIs.DemoTestKavyaStory" name="ChaseRequest_With_Single_Matching_RG_01" time="1.234"/>
  <testcase classname="APIs.DemoTestKavyaStory" name="ChaseRequest_With_Single_Matching_RG_01" time="1.182"/>
  <testcase classname="APIs.DemoTestKavyaStory" name="ChaseRequest_With_Single_Matching_RG_01" time="1.157"/>
  <testcase classname="APIs.DemoTestKavyaStory" name="ChaseRequest_With_Single_Matching_RG_01" time="1.180"/>
  <testcase classname="APIs.DemoTestKavyaStory" name="ChaseRequest_With_Single_Matching_RG_01" time="1.177"/>
  <testcase classname="APIs.DemoTestKavyaStory" name="ChaseRequest_With_Single_Matching_RG_01" time="1.057"/>
  <testcase classname="APIs.DemoTestKavyaStory" name="ChaseRequest_With_Single_Matching_RG_01" time="1.524"/>
  <testcase classname="APIs.DemoTestKavyaStory" name="ChaseRequest_With_Single_Matching_RG_01" time="8.980"/>
  <testcase classname="APIs.DemoTestKavyaStory" name="ChaseRequest_With_Single_Matching_RG_01" time="0.995"/>
  <testcase classname="APIs.DemoTestKavyaStory" name="ChaseRequest_With_Single_Matching_RG_01" time="1.249"/>
  <testcase classname="APIs.DemoTestKavyaStory" name="ChaseRequest_With_Single_Matching_RG_01" time="1.236"/>
  <testcase classname="APIs.DemoTestKavyaStory" name="ChaseRequest_With_Single_Matching_RG_01" time="1.242"/>
  <testcase classname="APIs.DemoTestKavyaStory" name="ChaseRequest_With_Single_Matching_RG_01" time="1.265"/>
  <testcase classname="APIs.DemoTestKavyaStory" name="ChaseRequest_With_Single_Matching_RG_01" time="1.215"/>
  <testcase classname="APIs.DemoTestKavyaStory" name="ChaseRequest_With_Single_Matching_RG_01" time="1.233"/>
  <testcase classname="APIs.DemoTestKavyaStory" name="ChaseRequest_With_Single_Matching_RG_01" time="1.362"/>
  <testcase classname="APIs.DemoTestKavyaStory" name="ChaseRequest_With_Single_Matching_RG_01" time="1.241"/>
  <testcase classname="APIs.DemoTestKavyaStory" name="ChaseRequest_With_Single_Matching_RG_01" time="1.188"/>
  <testcase classname="APIs.DemoTestKavyaStory" name="ChaseRequest_With_Single_Matching_RG_01" time="1.189"/>
  <testcase classname="APIs.DemoTestKavyaStory" name="ChaseRequest_With_Single_Matching_RG_01" time="1.194"/>
  <testcase classname="APIs.DemoTestKavyaStory" name="ChaseRequest_With_Single_Matching_RG_01" time="6.634"/>
  <testcase classname="APIs.DemoTestKavyaStory" name="ChaseRequest_With_Single_Matching_RG_01" time="1.278"/>
  <testcase classname="APIs.DemoTestKavyaStory" name="ChaseRequest_With_Single_Matching_RG_01" time="1.216"/>
  <testcase classname="APIs.DemoTestKavyaStory" name="ChaseRequest_With_Single_Matching_RG_01" time="1.123"/>
  <testcase classname="APIs.DemoTestKavyaStory" name="ChaseRequest_With_Single_Matching_RG_01" time="1.276"/>
  <testcase classname="APIs.DemoTestKavyaStory" name="ChaseRequest_With_Single_Matching_RG_01" time="1.000"/>
  <testcase classname="APIs.DemoTestKavyaStory" name="ChaseRequest_With_Single_Matching_RG_01" time="2.208"/>
  <testcase classname="APIs.DemoTestKavyaStory" name="ChaseRequest_With_Single_Matching_RG_01" time="1.322"/>
  <testcase classname="APIs.DemoTestKavyaStory" name="ChaseRequest_With_Single_Matching_RG_01" time="0.978"/>
  <testcase classname="APIs.DemoTestKavyaStory" name="ChaseRequest_With_Single_Matching_RG_01" time="1.187"/>
  <testcase classname="APIs.DemoTestKavyaStory" name="ChaseRequest_With_Single_Matching_RG_01" time="1.136"/>
  <testcase classname="APIs.DemoTestKavyaStory" name="ChaseRequest_With_Single_Matching_RG_01" time="1.151"/>
  <testcase classname="APIs.DemoTestKavyaStory" name="ChaseRequest_With_Single_Matching_RG_01" time="1.306"/>
  <testcase classname="APIs.DemoTestKavyaStory" name="ChaseRequest_With_Single_Matching_RG_01" time="1.475"/>
  <testcase classname="APIs.DemoTestKavyaStory" name="ChaseRequest_With_Single_Matching_RG_01" time="2.816"/>
  <testcase classname="APIs.DemoTestKavyaStory" name="ChaseRequest_With_Single_Matching_RG_01" time="1.218"/>
  <testcase classname="APIs.DemoTestKavyaStory" name="ChaseRequest_With_Single_Matching_RG_01" time="1.196"/>
  <testcase classname="APIs.DemoTestKavyaStory" name="ChaseRequest_With_Single_Matching_RG_01" time="1.312"/>
  <testcase classname="APIs.DemoTestKavyaStory" name="ChaseRequest_With_Single_Matching_RG_01" time="1.989"/>
  <testcase classname="APIs.DemoTestKavyaStory" name="ChaseRequest_With_Single_Matching_RG_01" time="1.305"/>
  <testcase classname="APIs.DemoTestKavyaStory" name="ChaseRequest_With_Single_Matching_RG_01" time="3.320"/>
  <testcase classname="APIs.DemoTestKavyaStory" name="ChaseRequest_With_Single_Matching_RG_01" time="2.351"/>
  <testcase classname="APIs.DemoTestKavyaStory" name="ChaseRequest_With_Single_Matching_RG_01" time="1.655"/>
  <testcase classname="APIs.DemoTestKavyaStory" name="ChaseRequest_With_Single_Matching_RG_01" time="1.175"/>
  <testcase classname="APIs.DemoTestKavyaStory" name="ChaseRequest_With_Single_Matching_RG_01" time="1.456"/>
  <testcase classname="APIs.DemoTestKavyaStory" name="ChaseRequest_With_Single_Matching_RG_01" time="1.265"/>
  <testcase classname="APIs.DemoTestKavyaStory" name="ChaseRequest_With_Single_Matching_RG_01" time="1.190"/>
  <testcase classname="APIs.DemoTestKavyaStory" name="ChaseRequest_With_Single_Matching_RG_01" time="1.231"/>
  <testcase classname="APIs.DemoTestKavyaStory" name="ChaseRequest_With_Single_Matching_RG_01" time="1.246"/>
  <testcase classname="APIs.DemoTestKavyaStory" name="ChaseRequest_With_Single_Matching_RG_01" time="1.632"/>
  <testcase classname="APIs.DemoTestKavyaStory" name="ChaseRequest_With_Single_Matching_RG_01" time="1.338"/>
  <testcase classname="APIs.DemoTestKavyaStory" name="ChaseRequest_With_Single_Matching_RG_01" time="1.311"/>
  <testcase classname="APIs.DemoTestKavyaStory" name="ChaseRequest_With_Single_Matching_RG_01" time="1.355"/>
  <testcase classname="APIs.DemoTestKavyaStory" name="ChaseRequest_With_Single_Matching_RG_01" time="1.208"/>
  <testcase classname="APIs.DemoTestKavyaStory" name="ChaseRequest_With_Single_Matching_RG_01" time="1.099"/>
  <testcase classname="APIs.DemoTestKavyaStory" name="ChaseRequest_With_Single_Matching_RG_01" time="1.175"/>
  <testcase classname="APIs.DemoTestKavyaStory" name="ChaseRequest_With_Single_Matching_RG_01" time="1.258"/>
  <testcase classname="APIs.DemoTestKavyaStory" name="ChaseRequest_With_Single_Matching_RG_01" time="1.184"/>
  <testcase classname="APIs.DemoTestKavyaStory" name="ChaseRequest_With_Single_Matching_RG_01" time="1.132"/>
  <testcase classname="APIs.DemoTestKavyaStory" name="ChaseRequest_With_Single_Matching_RG_01" time="3.424"/>
  <testcase classname="APIs.DemoTestKavyaStory" name="ChaseRequest_With_Single_Matching_RG_01" time="1.140"/>
  <testcase classname="APIs.DemoTestKavyaStory" name="ChaseRequest_With_Single_Matching_RG_01" time="1.248"/>
  <testcase classname="APIs.DemoTestKavyaStory" name="ChaseRequest_With_Single_Matching_RG_01" time="2.048"/>
  <testcase classname="APIs.DemoTestKavyaStory" name="ChaseRequest_With_Single_Matching_RG_01" time="1.304"/>
  <testcase classname="APIs.DemoTestKavyaStory" name="ChaseRequest_With_Single_Matching_RG_01" time="12.223">
    <failure message="1 expectation failed.
Expected status code &lt;202&gt; but was &lt;500&gt;.
" type="java.lang.AssertionError">
      <![CDATA[java.lang.AssertionError: 1 expectation failed.
Expected status code <202> but was <500>.

at java.base/jdk.internal.reflect.NativeConstructorAccessorImpl.newInstance0(Native Method)
at java.base/jdk.internal.reflect.NativeConstructorAccessorImpl.newInstance(NativeConstructorAccessorImpl.java:78)
at java.base/jdk.internal.reflect.DelegatingConstructorAccessorImpl.newInstance(DelegatingConstructorAccessorImpl.java:45)
at java.base/java.lang.reflect.Constructor.newInstanceWithCaller(Constructor.java:499)
at java.base/java.lang.reflect.Constructor.newInstance(Constructor.java:480)
at org.codehaus.groovy.reflection.CachedConstructor.invoke(CachedConstructor.java:73)
at org.codehaus.groovy.runtime.callsite.ConstructorSite$ConstructorSiteNoUnwrapNoCoerce.callConstructor(ConstructorSite.java:108)
at org.codehaus.groovy.runtime.callsite.AbstractCallSite.callConstructor(AbstractCallSite.java:277)
at io.restassured.internal.ResponseSpecificationImpl$HamcrestAssertionClosure.validate(ResponseSpecificationImpl.groovy:512)
at io.restassured.internal.ResponseSpecificationImpl$HamcrestAssertionClosure$validate$1.call(Unknown Source)
at io.restassured.internal.ResponseSpecificationImpl.validateResponseIfRequired(ResponseSpecificationImpl.groovy:696)
at io.restassured.internal.ResponseSpecificationImpl.this$2$validateResponseIfRequired(ResponseSpecificationImpl.groovy)
at jdk.internal.reflect.GeneratedMethodAccessor116.invoke(Unknown Source)
at java.base/jdk.internal.reflect.DelegatingMethodAccessorImpl.invoke(DelegatingMethodAccessorImpl.java:43)
at java.base/java.lang.reflect.Method.invoke(Method.java:567)
at org.codehaus.groovy.runtime.callsite.PlainObjectMetaMethodSite.doInvoke(PlainObjectMetaMethodSite.java:43)
at org.codehaus.groovy.runtime.callsite.PogoMetaMethodSite$PogoCachedMethodSiteNoUnwrapNoCoerce.invoke(PogoMetaMethodSite.java:198)
at org.codehaus.groovy.runtime.callsite.PogoMetaMethodSite.callCurrent(PogoMetaMethodSite.java:62)
at org.codehaus.groovy.runtime.callsite.AbstractCallSite.callCurrent(AbstractCallSite.java:185)
at io.restassured.internal.ResponseSpecificationImpl.statusCode(ResponseSpecificationImpl.groovy:135)
at io.restassured.specification.ResponseSpecification$statusCode$0.callCurrent(Unknown Source)
at io.restassured.internal.ResponseSpecificationImpl.statusCode(ResponseSpecificationImpl.groovy:143)
at io.restassured.internal.ValidatableResponseOptionsImpl.statusCode(ValidatableResponseOptionsImpl.java:89)
at APIs.DemoTestKavyaStory.ChaseRequest_With_Single_Matching_RG_01(DemoTestKavyaStory.java:33)
at jdk.internal.reflect.GeneratedMethodAccessor122.invoke(Unknown Source)
at java.base/jdk.internal.reflect.DelegatingMethodAccessorImpl.invoke(DelegatingMethodAccessorImpl.java:43)
at java.base/java.lang.reflect.Method.invoke(Method.java:567)
at org.testng.internal.invokers.MethodInvocationHelper.invokeMethod(MethodInvocationHelper.java:141)
at org.testng.internal.invokers.TestInvoker.invokeMethod(TestInvoker.java:686)
at org.testng.internal.invokers.TestInvoker.invokeTestMethod(TestInvoker.java:230)
at org.testng.internal.invokers.MethodRunner.runInSequence(MethodRunner.java:63)
at org.testng.internal.invokers.TestInvoker$MethodInvocationAgent.invoke(TestInvoker.java:992)
at org.testng.internal.invokers.TestInvoker.invokeTestMethods(TestInvoker.java:203)
at org.testng.internal.invokers.TestMethodWorker.invokeTestMethods(TestMethodWorker.java:154)
at org.testng.internal.invokers.TestMethodWorker.run(TestMethodWorker.java:134)
at java.base/java.util.ArrayList.forEach(ArrayList.java:1511)
at org.testng.TestRunner.privateRun(TestRunner.java:739)
at org.testng.TestRunner.run(TestRunner.java:614)
at org.testng.SuiteRunner.runTest(SuiteRunner.java:421)
at org.testng.SuiteRunner.runSequentially(SuiteRunner.java:413)
at org.testng.SuiteRunner.privateRun(SuiteRunner.java:373)
at org.testng.SuiteRunner.run(SuiteRunner.java:312)
at org.testng.SuiteRunnerWorker.runSuite(SuiteRunnerWorker.java:52)
at org.testng.SuiteRunnerWorker.run(SuiteRunnerWorker.java:95)
at org.testng.TestNG.runSuitesSequentially(TestNG.java:1274)
at org.testng.TestNG.runSuitesLocally(TestNG.java:1208)
at org.testng.TestNG.runSuites(TestNG.java:1112)
at org.testng.TestNG.run(TestNG.java:1079)
at org.testng.remote.AbstractRemoteTestNG.run(AbstractRemoteTestNG.java:115)
at org.testng.remote.RemoteTestNG.initAndRun(RemoteTestNG.java:293)
at org.testng.remote.RemoteTestNG.main(RemoteTestNG.java:91)
]]>
    </failure>
  </testcase> <!-- ChaseRequest_With_Single_Matching_RG_01 -->
  <testcase classname="APIs.DemoTestKavyaStory" name="ChaseRequest_With_Single_Matching_RG_01" time="1.362"/>
  <testcase classname="APIs.DemoTestKavyaStory" name="ChaseRequest_With_Single_Matching_RG_01" time="1.194"/>
  <testcase classname="APIs.DemoTestKavyaStory" name="ChaseRequest_With_Single_Matching_RG_01" time="0.947"/>
  <testcase classname="APIs.DemoTestKavyaStory" name="ChaseRequest_With_Single_Matching_RG_01" time="1.216"/>
  <testcase classname="APIs.DemoTestKavyaStory" name="ChaseRequest_With_Single_Matching_RG_01" time="1.187"/>
  <testcase classname="APIs.DemoTestKavyaStory" name="ChaseRequest_With_Single_Matching_RG_01" time="1.185"/>
  <testcase classname="APIs.DemoTestKavyaStory" name="ChaseRequest_With_Single_Matching_RG_01" time="1.236"/>
  <testcase classname="APIs.DemoTestKavyaStory" name="ChaseRequest_With_Single_Matching_RG_01" time="1.599"/>
  <testcase classname="APIs.DemoTestKavyaStory" name="ChaseRequest_With_Single_Matching_RG_01" time="1.217"/>
  <testcase classname="APIs.DemoTestKavyaStory" name="ChaseRequest_With_Single_Matching_RG_01" time="1.197"/>
  <testcase classname="APIs.DemoTestKavyaStory" name="ChaseRequest_With_Single_Matching_RG_01" time="1.258"/>
  <testcase classname="APIs.DemoTestKavyaStory" name="ChaseRequest_With_Single_Matching_RG_01" time="0.979"/>
  <testcase classname="APIs.DemoTestKavyaStory" name="ChaseRequest_With_Single_Matching_RG_01" time="1.193"/>
  <testcase classname="APIs.DemoTestKavyaStory" name="ChaseRequest_With_Single_Matching_RG_01" time="1.218"/>
  <testcase classname="APIs.DemoTestKavyaStory" name="ChaseRequest_With_Single_Matching_RG_01" time="3.995"/>
  <testcase classname="APIs.DemoTestKavyaStory" name="ChaseRequest_With_Single_Matching_RG_01" time="1.233"/>
  <testcase classname="APIs.DemoTestKavyaStory" name="ChaseRequest_With_Single_Matching_RG_01" time="1.231"/>
  <testcase classname="APIs.DemoTestKavyaStory" name="ChaseRequest_With_Single_Matching_RG_01" time="1.252"/>
  <testcase classname="APIs.DemoTestKavyaStory" name="ChaseRequest_With_Single_Matching_RG_01" time="1.171"/>
  <testcase classname="APIs.DemoTestKavyaStory" name="ChaseRequest_With_Single_Matching_RG_01" time="1.241"/>
  <testcase classname="APIs.DemoTestKavyaStory" name="ChaseRequest_With_Single_Matching_RG_01" time="1.244"/>
  <testcase classname="APIs.DemoTestKavyaStory" name="ChaseRequest_With_Single_Matching_RG_01" time="1.248"/>
  <testcase classname="APIs.DemoTestKavyaStory" name="ChaseRequest_With_Single_Matching_RG_01" time="1.278"/>
  <testcase classname="APIs.DemoTestKavyaStory" name="ChaseRequest_With_Single_Matching_RG_01" time="1.285"/>
  <testcase classname="APIs.DemoTestKavyaStory" name="ChaseRequest_With_Single_Matching_RG_01" time="1.622"/>
  <testcase classname="APIs.DemoTestKavyaStory" name="ChaseRequest_With_Single_Matching_RG_01" time="1.082"/>
  <testcase classname="APIs.DemoTestKavyaStory" name="ChaseRequest_With_Single_Matching_RG_01" time="1.126"/>
  <testcase classname="APIs.DemoTestKavyaStory" name="ChaseRequest_With_Single_Matching_RG_01" time="0.962"/>
  <testcase classname="APIs.DemoTestKavyaStory" name="ChaseRequest_With_Single_Matching_RG_01" time="1.077"/>
  <testcase classname="APIs.DemoTestKavyaStory" name="ChaseRequest_With_Single_Matching_RG_01" time="1.226"/>
  <testcase classname="APIs.DemoTestKavyaStory" name="ChaseRequest_With_Single_Matching_RG_01" time="1.264"/>
  <testcase classname="APIs.DemoTestKavyaStory" name="ChaseRequest_With_Single_Matching_RG_01" time="1.106"/>
  <testcase classname="APIs.DemoTestKavyaStory" name="ChaseRequest_With_Single_Matching_RG_01" time="1.204"/>
  <testcase classname="APIs.DemoTestKavyaStory" name="ChaseRequest_With_Single_Matching_RG_01" time="1.261"/>
  <testcase classname="APIs.DemoTestKavyaStory" name="ChaseRequest_With_Single_Matching_RG_01" time="3.054"/>
  <testcase classname="APIs.DemoTestKavyaStory" name="ChaseRequest_With_Single_Matching_RG_01" time="1.082"/>
  <testcase classname="APIs.DemoTestKavyaStory" name="ChaseRequest_With_Single_Matching_RG_01" time="1.158"/>
  <testcase classname="APIs.DemoTestKavyaStory" name="ChaseRequest_With_Single_Matching_RG_01" time="1.081"/>
  <testcase classname="APIs.DemoTestKavyaStory" name="ChaseRequest_With_Single_Matching_RG_01" time="1.206"/>
  <testcase classname="APIs.DemoTestKavyaStory" name="ChaseRequest_With_Single_Matching_RG_01" time="1.281"/>
  <testcase classname="APIs.DemoTestKavyaStory" name="ChaseRequest_With_Single_Matching_RG_01" time="1.190"/>
  <testcase classname="APIs.DemoTestKavyaStory" name="ChaseRequest_With_Single_Matching_RG_01" time="1.239"/>
  <testcase classname="APIs.DemoTestKavyaStory" name="ChaseRequest_With_Single_Matching_RG_01" time="1.238"/>
  <testcase classname="APIs.DemoTestKavyaStory" name="ChaseRequest_With_Single_Matching_RG_01" time="1.927"/>
  <testcase classname="APIs.DemoTestKavyaStory" name="ChaseRequest_With_Single_Matching_RG_01" time="2.163"/>
  <testcase classname="APIs.DemoTestKavyaStory" name="ChaseRequest_With_Single_Matching_RG_01" time="1.263"/>
  <testcase classname="APIs.DemoTestKavyaStory" name="ChaseRequest_With_Single_Matching_RG_01" time="1.316"/>
  <testcase classname="APIs.DemoTestKavyaStory" name="ChaseRequest_With_Single_Matching_RG_01" time="1.206"/>
  <testcase classname="APIs.DemoTestKavyaStory" name="ChaseRequest_With_Single_Matching_RG_01" time="1.339"/>
  <testcase classname="APIs.DemoTestKavyaStory" name="ChaseRequest_With_Single_Matching_RG_01" time="0.977"/>
  <testcase classname="APIs.DemoTestKavyaStory" name="ChaseRequest_With_Single_Matching_RG_01" time="1.187"/>
  <testcase classname="APIs.DemoTestKavyaStory" name="ChaseRequest_With_Single_Matching_RG_01" time="1.201"/>
  <testcase classname="APIs.DemoTestKavyaStory" name="ChaseRequest_With_Single_Matching_RG_01" time="1.206"/>
  <testcase classname="APIs.DemoTestKavyaStory" name="ChaseRequest_With_Single_Matching_RG_01" time="12.764">
    <failure message="1 expectation failed.
Expected status code &lt;202&gt; but was &lt;500&gt;.
" type="java.lang.AssertionError">
      <![CDATA[java.lang.AssertionError: 1 expectation failed.
Expected status code <202> but was <500>.

at java.base/jdk.internal.reflect.NativeConstructorAccessorImpl.newInstance0(Native Method)
at java.base/jdk.internal.reflect.NativeConstructorAccessorImpl.newInstance(NativeConstructorAccessorImpl.java:78)
at java.base/jdk.internal.reflect.DelegatingConstructorAccessorImpl.newInstance(DelegatingConstructorAccessorImpl.java:45)
at java.base/java.lang.reflect.Constructor.newInstanceWithCaller(Constructor.java:499)
at java.base/java.lang.reflect.Constructor.newInstance(Constructor.java:480)
at org.codehaus.groovy.reflection.CachedConstructor.invoke(CachedConstructor.java:73)
at org.codehaus.groovy.runtime.callsite.ConstructorSite$ConstructorSiteNoUnwrapNoCoerce.callConstructor(ConstructorSite.java:108)
at org.codehaus.groovy.runtime.callsite.AbstractCallSite.callConstructor(AbstractCallSite.java:277)
at io.restassured.internal.ResponseSpecificationImpl$HamcrestAssertionClosure.validate(ResponseSpecificationImpl.groovy:512)
at io.restassured.internal.ResponseSpecificationImpl$HamcrestAssertionClosure$validate$1.call(Unknown Source)
at io.restassured.internal.ResponseSpecificationImpl.validateResponseIfRequired(ResponseSpecificationImpl.groovy:696)
at io.restassured.internal.ResponseSpecificationImpl.this$2$validateResponseIfRequired(ResponseSpecificationImpl.groovy)
at jdk.internal.reflect.GeneratedMethodAccessor116.invoke(Unknown Source)
at java.base/jdk.internal.reflect.DelegatingMethodAccessorImpl.invoke(DelegatingMethodAccessorImpl.java:43)
at java.base/java.lang.reflect.Method.invoke(Method.java:567)
at org.codehaus.groovy.runtime.callsite.PlainObjectMetaMethodSite.doInvoke(PlainObjectMetaMethodSite.java:43)
at org.codehaus.groovy.runtime.callsite.PogoMetaMethodSite$PogoCachedMethodSiteNoUnwrapNoCoerce.invoke(PogoMetaMethodSite.java:198)
at org.codehaus.groovy.runtime.callsite.PogoMetaMethodSite.callCurrent(PogoMetaMethodSite.java:62)
at org.codehaus.groovy.runtime.callsite.AbstractCallSite.callCurrent(AbstractCallSite.java:185)
at io.restassured.internal.ResponseSpecificationImpl.statusCode(ResponseSpecificationImpl.groovy:135)
at io.restassured.specification.ResponseSpecification$statusCode$0.callCurrent(Unknown Source)
at io.restassured.internal.ResponseSpecificationImpl.statusCode(ResponseSpecificationImpl.groovy:143)
at io.restassured.internal.ValidatableResponseOptionsImpl.statusCode(ValidatableResponseOptionsImpl.java:89)
at APIs.DemoTestKavyaStory.ChaseRequest_With_Single_Matching_RG_01(DemoTestKavyaStory.java:33)
at jdk.internal.reflect.GeneratedMethodAccessor122.invoke(Unknown Source)
at java.base/jdk.internal.reflect.DelegatingMethodAccessorImpl.invoke(DelegatingMethodAccessorImpl.java:43)
at java.base/java.lang.reflect.Method.invoke(Method.java:567)
at org.testng.internal.invokers.MethodInvocationHelper.invokeMethod(MethodInvocationHelper.java:141)
at org.testng.internal.invokers.TestInvoker.invokeMethod(TestInvoker.java:686)
at org.testng.internal.invokers.TestInvoker.invokeTestMethod(TestInvoker.java:230)
at org.testng.internal.invokers.MethodRunner.runInSequence(MethodRunner.java:63)
at org.testng.internal.invokers.TestInvoker$MethodInvocationAgent.invoke(TestInvoker.java:992)
at org.testng.internal.invokers.TestInvoker.invokeTestMethods(TestInvoker.java:203)
at org.testng.internal.invokers.TestMethodWorker.invokeTestMethods(TestMethodWorker.java:154)
at org.testng.internal.invokers.TestMethodWorker.run(TestMethodWorker.java:134)
at java.base/java.util.ArrayList.forEach(ArrayList.java:1511)
at org.testng.TestRunner.privateRun(TestRunner.java:739)
at org.testng.TestRunner.run(TestRunner.java:614)
at org.testng.SuiteRunner.runTest(SuiteRunner.java:421)
at org.testng.SuiteRunner.runSequentially(SuiteRunner.java:413)
at org.testng.SuiteRunner.privateRun(SuiteRunner.java:373)
at org.testng.SuiteRunner.run(SuiteRunner.java:312)
at org.testng.SuiteRunnerWorker.runSuite(SuiteRunnerWorker.java:52)
at org.testng.SuiteRunnerWorker.run(SuiteRunnerWorker.java:95)
at org.testng.TestNG.runSuitesSequentially(TestNG.java:1274)
at org.testng.TestNG.runSuitesLocally(TestNG.java:1208)
at org.testng.TestNG.runSuites(TestNG.java:1112)
at org.testng.TestNG.run(TestNG.java:1079)
at org.testng.remote.AbstractRemoteTestNG.run(AbstractRemoteTestNG.java:115)
at org.testng.remote.RemoteTestNG.initAndRun(RemoteTestNG.java:293)
at org.testng.remote.RemoteTestNG.main(RemoteTestNG.java:91)
]]>
    </failure>
  </testcase> <!-- ChaseRequest_With_Single_Matching_RG_01 -->
  <testcase classname="APIs.DemoTestKavyaStory" name="ChaseRequest_With_Single_Matching_RG_01" time="1.182"/>
  <testcase classname="APIs.DemoTestKavyaStory" name="ChaseRequest_With_Single_Matching_RG_01" time="1.098"/>
  <testcase classname="APIs.DemoTestKavyaStory" name="ChaseRequest_With_Single_Matching_RG_01" time="1.235"/>
  <testcase classname="APIs.DemoTestKavyaStory" name="ChaseRequest_With_Single_Matching_RG_01" time="1.271"/>
  <testcase classname="APIs.DemoTestKavyaStory" name="ChaseRequest_With_Single_Matching_RG_01" time="1.294"/>
  <testcase classname="APIs.DemoTestKavyaStory" name="ChaseRequest_With_Single_Matching_RG_01" time="8.404"/>
  <testcase classname="APIs.DemoTestKavyaStory" name="ChaseRequest_With_Single_Matching_RG_01" time="0.963"/>
  <testcase classname="APIs.DemoTestKavyaStory" name="ChaseRequest_With_Single_Matching_RG_01" time="1.288"/>
  <testcase classname="APIs.DemoTestKavyaStory" name="ChaseRequest_With_Single_Matching_RG_01" time="1.361"/>
  <testcase classname="APIs.DemoTestKavyaStory" name="ChaseRequest_With_Single_Matching_RG_01" time="1.790"/>
  <testcase classname="APIs.DemoTestKavyaStory" name="ChaseRequest_With_Single_Matching_RG_01" time="1.298"/>
  <testcase classname="APIs.DemoTestKavyaStory" name="ChaseRequest_With_Single_Matching_RG_01" time="1.173"/>
  <testcase classname="APIs.DemoTestKavyaStory" name="ChaseRequest_With_Single_Matching_RG_01" time="1.779"/>
  <testcase classname="APIs.DemoTestKavyaStory" name="ChaseRequest_With_Single_Matching_RG_01" time="1.237"/>
  <testcase classname="APIs.DemoTestKavyaStory" name="ChaseRequest_With_Single_Matching_RG_01" time="1.184"/>
  <testcase classname="APIs.DemoTestKavyaStory" name="ChaseRequest_With_Single_Matching_RG_01" time="1.231"/>
  <testcase classname="APIs.DemoTestKavyaStory" name="ChaseRequest_With_Single_Matching_RG_01" time="0.959"/>
  <testcase classname="APIs.DemoTestKavyaStory" name="ChaseRequest_With_Single_Matching_RG_01" time="1.090"/>
  <testcase classname="APIs.DemoTestKavyaStory" name="ChaseRequest_With_Single_Matching_RG_01" time="1.237"/>
  <testcase classname="APIs.DemoTestKavyaStory" name="ChaseRequest_With_Single_Matching_RG_01" time="1.273"/>
  <testcase classname="APIs.DemoTestKavyaStory" name="ChaseRequest_With_Single_Matching_RG_01" time="1.257"/>
  <testcase classname="APIs.DemoTestKavyaStory" name="ChaseRequest_With_Single_Matching_RG_01" time="0.983"/>
  <testcase classname="APIs.DemoTestKavyaStory" name="ChaseRequest_With_Single_Matching_RG_01" time="2.709"/>
  <testcase classname="APIs.DemoTestKavyaStory" name="ChaseRequest_With_Single_Matching_RG_01" time="1.191"/>
  <testcase classname="APIs.DemoTestKavyaStory" name="ChaseRequest_With_Single_Matching_RG_01" time="1.510"/>
  <testcase classname="APIs.DemoTestKavyaStory" name="ChaseRequest_With_Single_Matching_RG_01" time="1.173"/>
  <testcase classname="APIs.DemoTestKavyaStory" name="ChaseRequest_With_Single_Matching_RG_01" time="1.104"/>
  <testcase classname="APIs.DemoTestKavyaStory" name="ChaseRequest_With_Single_Matching_RG_01" time="0.990"/>
  <testcase classname="APIs.DemoTestKavyaStory" name="ChaseRequest_With_Single_Matching_RG_01" time="1.226"/>
  <testcase classname="APIs.DemoTestKavyaStory" name="ChaseRequest_With_Single_Matching_RG_01" time="1.206"/>
  <testcase classname="APIs.DemoTestKavyaStory" name="ChaseRequest_With_Single_Matching_RG_01" time="0.997"/>
  <testcase classname="APIs.DemoTestKavyaStory" name="ChaseRequest_With_Single_Matching_RG_01" time="1.232"/>
  <testcase classname="APIs.DemoTestKavyaStory" name="ChaseRequest_With_Single_Matching_RG_01" time="2.517"/>
  <testcase classname="APIs.DemoTestKavyaStory" name="ChaseRequest_With_Single_Matching_RG_01" time="1.351"/>
  <testcase classname="APIs.DemoTestKavyaStory" name="ChaseRequest_With_Single_Matching_RG_01" time="1.217"/>
  <testcase classname="APIs.DemoTestKavyaStory" name="ChaseRequest_With_Single_Matching_RG_01" time="1.311"/>
  <testcase classname="APIs.DemoTestKavyaStory" name="ChaseRequest_With_Single_Matching_RG_01" time="3.612"/>
  <testcase classname="APIs.DemoTestKavyaStory" name="ChaseRequest_With_Single_Matching_RG_01" time="0.988"/>
  <testcase classname="APIs.DemoTestKavyaStory" name="ChaseRequest_With_Single_Matching_RG_01" time="1.195"/>
  <testcase classname="APIs.DemoTestKavyaStory" name="ChaseRequest_With_Single_Matching_RG_01" time="1.275"/>
  <testcase classname="APIs.DemoTestKavyaStory" name="ChaseRequest_With_Single_Matching_RG_01" time="0.976"/>
  <testcase classname="APIs.DemoTestKavyaStory" name="ChaseRequest_With_Single_Matching_RG_01" time="1.227"/>
  <testcase classname="APIs.DemoTestKavyaStory" name="ChaseRequest_With_Single_Matching_RG_01" time="1.219"/>
  <testcase classname="APIs.DemoTestKavyaStory" name="ChaseRequest_With_Single_Matching_RG_01" time="1.252"/>
  <testcase classname="APIs.DemoTestKavyaStory" name="ChaseRequest_With_Single_Matching_RG_01" time="1.118"/>
  <testcase classname="APIs.DemoTestKavyaStory" name="ChaseRequest_With_Single_Matching_RG_01" time="9.361"/>
  <testcase classname="APIs.DemoTestKavyaStory" name="ChaseRequest_With_Single_Matching_RG_01" time="1.280"/>
  <testcase classname="APIs.DemoTestKavyaStory" name="ChaseRequest_With_Single_Matching_RG_01" time="1.179"/>
  <testcase classname="APIs.DemoTestKavyaStory" name="ChaseRequest_With_Single_Matching_RG_01" time="1.188"/>
  <testcase classname="APIs.DemoTestKavyaStory" name="ChaseRequest_With_Single_Matching_RG_01" time="1.168"/>
  <testcase classname="APIs.DemoTestKavyaStory" name="ChaseRequest_With_Single_Matching_RG_01" time="1.297"/>
  <testcase classname="APIs.DemoTestKavyaStory" name="ChaseRequest_With_Single_Matching_RG_01" time="1.211"/>
  <testcase classname="APIs.DemoTestKavyaStory" name="ChaseRequest_With_Single_Matching_RG_01" time="1.210"/>
  <testcase classname="APIs.DemoTestKavyaStory" name="ChaseRequest_With_Single_Matching_RG_01" time="1.146"/>
  <testcase classname="APIs.DemoTestKavyaStory" name="ChaseRequest_With_Single_Matching_RG_01" time="1.384"/>
  <testcase classname="APIs.DemoTestKavyaStory" name="ChaseRequest_With_Single_Matching_RG_01" time="1.143"/>
  <testcase classname="APIs.DemoTestKavyaStory" name="ChaseRequest_With_Single_Matching_RG_01" time="1.117"/>
  <testcase classname="APIs.DemoTestKavyaStory" name="ChaseRequest_With_Single_Matching_RG_01" time="1.794"/>
  <testcase classname="APIs.DemoTestKavyaStory" name="ChaseRequest_With_Single_Matching_RG_01" time="1.250"/>
  <testcase classname="APIs.DemoTestKavyaStory" name="ChaseRequest_With_Single_Matching_RG_01" time="2.340"/>
  <testcase classname="APIs.DemoTestKavyaStory" name="ChaseRequest_With_Single_Matching_RG_01" time="1.406"/>
  <testcase classname="APIs.DemoTestKavyaStory" name="ChaseRequest_With_Single_Matching_RG_01" time="1.113"/>
  <testcase classname="APIs.DemoTestKavyaStory" name="ChaseRequest_With_Single_Matching_RG_01" time="1.415"/>
  <testcase classname="APIs.DemoTestKavyaStory" name="ChaseRequest_With_Single_Matching_RG_01" time="0.941"/>
  <testcase classname="APIs.DemoTestKavyaStory" name="ChaseRequest_With_Single_Matching_RG_01" time="1.226"/>
  <testcase classname="APIs.DemoTestKavyaStory" name="ChaseRequest_With_Single_Matching_RG_01" time="1.941"/>
  <testcase classname="APIs.DemoTestKavyaStory" name="ChaseRequest_With_Single_Matching_RG_01" time="1.221"/>
  <testcase classname="APIs.DemoTestKavyaStory" name="ChaseRequest_With_Single_Matching_RG_01" time="1.226"/>
  <testcase classname="APIs.DemoTestKavyaStory" name="ChaseRequest_With_Single_Matching_RG_01" time="1.336"/>
  <testcase classname="APIs.DemoTestKavyaStory" name="ChaseRequest_With_Single_Matching_RG_01" time="1.279"/>
  <testcase classname="APIs.DemoTestKavyaStory" name="ChaseRequest_With_Single_Matching_RG_01" time="1.131"/>
  <testcase classname="APIs.DemoTestKavyaStory" name="ChaseRequest_With_Single_Matching_RG_01" time="1.154"/>
  <testcase classname="APIs.DemoTestKavyaStory" name="ChaseRequest_With_Single_Matching_RG_01" time="1.232"/>
  <testcase classname="APIs.DemoTestKavyaStory" name="ChaseRequest_With_Single_Matching_RG_01" time="1.137"/>
  <testcase classname="APIs.DemoTestKavyaStory" name="ChaseRequest_With_Single_Matching_RG_01" time="1.073"/>
  <testcase classname="APIs.DemoTestKavyaStory" name="ChaseRequest_With_Single_Matching_RG_01" time="1.235"/>
  <testcase classname="APIs.DemoTestKavyaStory" name="ChaseRequest_With_Single_Matching_RG_01" time="1.219"/>
  <testcase classname="APIs.DemoTestKavyaStory" name="ChaseRequest_With_Single_Matching_RG_01" time="1.127"/>
  <testcase classname="APIs.DemoTestKavyaStory" name="ChaseRequest_With_Single_Matching_RG_01" time="1.364"/>
  <testcase classname="APIs.DemoTestKavyaStory" name="ChaseRequest_With_Single_Matching_RG_01" time="1.223"/>
  <testcase classname="APIs.DemoTestKavyaStory" name="ChaseRequest_With_Single_Matching_RG_01" time="1.560"/>
  <testcase classname="APIs.DemoTestKavyaStory" name="ChaseRequest_With_Single_Matching_RG_01" time="1.924"/>
  <testcase classname="APIs.DemoTestKavyaStory" name="ChaseRequest_With_Single_Matching_RG_01" time="2.563"/>
  <testcase classname="APIs.DemoTestKavyaStory" name="ChaseRequest_With_Single_Matching_RG_01" time="0.972"/>
  <testcase classname="APIs.DemoTestKavyaStory" name="ChaseRequest_With_Single_Matching_RG_01" time="1.240"/>
  <testcase classname="APIs.DemoTestKavyaStory" name="ChaseRequest_With_Single_Matching_RG_01" time="1.179"/>
  <testcase classname="APIs.DemoTestKavyaStory" name="ChaseRequest_With_Single_Matching_RG_01" time="1.210"/>
  <testcase classname="APIs.DemoTestKavyaStory" name="ChaseRequest_With_Single_Matching_RG_01" time="1.093"/>
  <testcase classname="APIs.DemoTestKavyaStory" name="ChaseRequest_With_Single_Matching_RG_01" time="1.001"/>
  <testcase classname="APIs.DemoTestKavyaStory" name="ChaseRequest_With_Single_Matching_RG_01" time="1.143"/>
  <testcase classname="APIs.DemoTestKavyaStory" name="ChaseRequest_With_Single_Matching_RG_01" time="1.196"/>
  <testcase classname="APIs.DemoTestKavyaStory" name="ChaseRequest_With_Single_Matching_RG_01" time="1.209"/>
  <testcase classname="APIs.DemoTestKavyaStory" name="ChaseRequest_With_Single_Matching_RG_01" time="1.156"/>
  <testcase classname="APIs.DemoTestKavyaStory" name="ChaseRequest_With_Single_Matching_RG_01" time="0.985"/>
  <testcase classname="APIs.DemoTestKavyaStory" name="ChaseRequest_With_Single_Matching_RG_01" time="7.517"/>
  <testcase classname="APIs.DemoTestKavyaStory" name="ChaseRequest_With_Single_Matching_RG_01" time="0.977"/>
  <testcase classname="APIs.DemoTestKavyaStory" name="ChaseRequest_With_Single_Matching_RG_01" time="1.119"/>
  <testcase classname="APIs.DemoTestKavyaStory" name="ChaseRequest_With_Single_Matching_RG_01" time="1.276"/>
  <testcase classname="APIs.DemoTestKavyaStory" name="ChaseRequest_With_Single_Matching_RG_01" time="1.245"/>
  <testcase classname="APIs.DemoTestKavyaStory" name="ChaseRequest_With_Single_Matching_RG_01" time="1.324"/>
  <testcase classname="APIs.DemoTestKavyaStory" name="ChaseRequest_With_Single_Matching_RG_01" time="1.163"/>
  <testcase classname="APIs.DemoTestKavyaStory" name="ChaseRequest_With_Single_Matching_RG_01" time="1.187"/>
  <testcase classname="APIs.DemoTestKavyaStory" name="ChaseRequest_With_Single_Matching_RG_01" time="1.208"/>
  <testcase classname="APIs.DemoTestKavyaStory" name="ChaseRequest_With_Single_Matching_RG_01" time="1.236"/>
  <testcase classname="APIs.DemoTestKavyaStory" name="ChaseRequest_With_Single_Matching_RG_01" time="1.238"/>
  <testcase classname="APIs.DemoTestKavyaStory" name="ChaseRequest_With_Single_Matching_RG_01" time="0.976"/>
  <testcase classname="APIs.DemoTestKavyaStory" name="ChaseRequest_With_Single_Matching_RG_01" time="1.311"/>
  <testcase classname="APIs.DemoTestKavyaStory" name="ChaseRequest_With_Single_Matching_RG_01" time="1.176"/>
  <testcase classname="APIs.DemoTestKavyaStory" name="ChaseRequest_With_Single_Matching_RG_01" time="1.204"/>
  <testcase classname="APIs.DemoTestKavyaStory" name="ChaseRequest_With_Single_Matching_RG_01" time="1.121"/>
  <testcase classname="APIs.DemoTestKavyaStory" name="ChaseRequest_With_Single_Matching_RG_01" time="4.085"/>
  <testcase classname="APIs.DemoTestKavyaStory" name="ChaseRequest_With_Single_Matching_RG_01" time="1.211"/>
  <testcase classname="APIs.DemoTestKavyaStory" name="ChaseRequest_With_Single_Matching_RG_01" time="1.441"/>
  <testcase classname="APIs.DemoTestKavyaStory" name="ChaseRequest_With_Single_Matching_RG_01" time="1.171"/>
  <testcase classname="APIs.DemoTestKavyaStory" name="ChaseRequest_With_Single_Matching_RG_01" time="1.220"/>
  <testcase classname="APIs.DemoTestKavyaStory" name="ChaseRequest_With_Single_Matching_RG_01" time="1.870"/>
  <testcase classname="APIs.DemoTestKavyaStory" name="ChaseRequest_With_Single_Matching_RG_01" time="1.130"/>
  <testcase classname="APIs.DemoTestKavyaStory" name="ChaseRequest_With_Single_Matching_RG_01" time="1.236"/>
  <testcase classname="APIs.DemoTestKavyaStory" name="ChaseRequest_With_Single_Matching_RG_01" time="1.241"/>
  <testcase classname="APIs.DemoTestKavyaStory" name="ChaseRequest_With_Single_Matching_RG_01" time="1.048"/>
  <testcase classname="APIs.DemoTestKavyaStory" name="ChaseRequest_With_Single_Matching_RG_01" time="1.193"/>
  <testcase classname="APIs.DemoTestKavyaStory" name="ChaseRequest_With_Single_Matching_RG_01" time="1.216"/>
  <testcase classname="APIs.DemoTestKavyaStory" name="ChaseRequest_With_Single_Matching_RG_01" time="1.199"/>
  <testcase classname="APIs.DemoTestKavyaStory" name="ChaseRequest_With_Single_Matching_RG_01" time="1.200"/>
  <testcase classname="APIs.DemoTestKavyaStory" name="ChaseRequest_With_Single_Matching_RG_01" time="1.166"/>
  <testcase classname="APIs.DemoTestKavyaStory" name="ChaseRequest_With_Single_Matching_RG_01" time="1.241"/>
  <testcase classname="APIs.DemoTestKavyaStory" name="ChaseRequest_With_Single_Matching_RG_01" time="2.481"/>
  <testcase classname="APIs.DemoTestKavyaStory" name="ChaseRequest_With_Single_Matching_RG_01" time="1.223"/>
  <testcase classname="APIs.DemoTestKavyaStory" name="ChaseRequest_With_Single_Matching_RG_01" time="1.123"/>
  <testcase classname="APIs.DemoTestKavyaStory" name="ChaseRequest_With_Single_Matching_RG_01" time="1.435"/>
  <testcase classname="APIs.DemoTestKavyaStory" name="ChaseRequest_With_Single_Matching_RG_01" time="1.386"/>
  <testcase classname="APIs.DemoTestKavyaStory" name="ChaseRequest_With_Single_Matching_RG_01" time="1.815"/>
  <testcase classname="APIs.DemoTestKavyaStory" name="ChaseRequest_With_Single_Matching_RG_01" time="12.171">
    <failure message="1 expectation failed.
Expected status code &lt;202&gt; but was &lt;500&gt;.
" type="java.lang.AssertionError">
      <![CDATA[java.lang.AssertionError: 1 expectation failed.
Expected status code <202> but was <500>.

at java.base/jdk.internal.reflect.NativeConstructorAccessorImpl.newInstance0(Native Method)
at java.base/jdk.internal.reflect.NativeConstructorAccessorImpl.newInstance(NativeConstructorAccessorImpl.java:78)
at java.base/jdk.internal.reflect.DelegatingConstructorAccessorImpl.newInstance(DelegatingConstructorAccessorImpl.java:45)
at java.base/java.lang.reflect.Constructor.newInstanceWithCaller(Constructor.java:499)
at java.base/java.lang.reflect.Constructor.newInstance(Constructor.java:480)
at org.codehaus.groovy.reflection.CachedConstructor.invoke(CachedConstructor.java:73)
at org.codehaus.groovy.runtime.callsite.ConstructorSite$ConstructorSiteNoUnwrapNoCoerce.callConstructor(ConstructorSite.java:108)
at org.codehaus.groovy.runtime.callsite.AbstractCallSite.callConstructor(AbstractCallSite.java:277)
at io.restassured.internal.ResponseSpecificationImpl$HamcrestAssertionClosure.validate(ResponseSpecificationImpl.groovy:512)
at io.restassured.internal.ResponseSpecificationImpl$HamcrestAssertionClosure$validate$1.call(Unknown Source)
at io.restassured.internal.ResponseSpecificationImpl.validateResponseIfRequired(ResponseSpecificationImpl.groovy:696)
at io.restassured.internal.ResponseSpecificationImpl.this$2$validateResponseIfRequired(ResponseSpecificationImpl.groovy)
at jdk.internal.reflect.GeneratedMethodAccessor116.invoke(Unknown Source)
at java.base/jdk.internal.reflect.DelegatingMethodAccessorImpl.invoke(DelegatingMethodAccessorImpl.java:43)
at java.base/java.lang.reflect.Method.invoke(Method.java:567)
at org.codehaus.groovy.runtime.callsite.PlainObjectMetaMethodSite.doInvoke(PlainObjectMetaMethodSite.java:43)
at org.codehaus.groovy.runtime.callsite.PogoMetaMethodSite$PogoCachedMethodSiteNoUnwrapNoCoerce.invoke(PogoMetaMethodSite.java:198)
at org.codehaus.groovy.runtime.callsite.PogoMetaMethodSite.callCurrent(PogoMetaMethodSite.java:62)
at org.codehaus.groovy.runtime.callsite.AbstractCallSite.callCurrent(AbstractCallSite.java:185)
at io.restassured.internal.ResponseSpecificationImpl.statusCode(ResponseSpecificationImpl.groovy:135)
at io.restassured.specification.ResponseSpecification$statusCode$0.callCurrent(Unknown Source)
at io.restassured.internal.ResponseSpecificationImpl.statusCode(ResponseSpecificationImpl.groovy:143)
at io.restassured.internal.ValidatableResponseOptionsImpl.statusCode(ValidatableResponseOptionsImpl.java:89)
at APIs.DemoTestKavyaStory.ChaseRequest_With_Single_Matching_RG_01(DemoTestKavyaStory.java:33)
at jdk.internal.reflect.GeneratedMethodAccessor122.invoke(Unknown Source)
at java.base/jdk.internal.reflect.DelegatingMethodAccessorImpl.invoke(DelegatingMethodAccessorImpl.java:43)
at java.base/java.lang.reflect.Method.invoke(Method.java:567)
at org.testng.internal.invokers.MethodInvocationHelper.invokeMethod(MethodInvocationHelper.java:141)
at org.testng.internal.invokers.TestInvoker.invokeMethod(TestInvoker.java:686)
at org.testng.internal.invokers.TestInvoker.invokeTestMethod(TestInvoker.java:230)
at org.testng.internal.invokers.MethodRunner.runInSequence(MethodRunner.java:63)
at org.testng.internal.invokers.TestInvoker$MethodInvocationAgent.invoke(TestInvoker.java:992)
at org.testng.internal.invokers.TestInvoker.invokeTestMethods(TestInvoker.java:203)
at org.testng.internal.invokers.TestMethodWorker.invokeTestMethods(TestMethodWorker.java:154)
at org.testng.internal.invokers.TestMethodWorker.run(TestMethodWorker.java:134)
at java.base/java.util.ArrayList.forEach(ArrayList.java:1511)
at org.testng.TestRunner.privateRun(TestRunner.java:739)
at org.testng.TestRunner.run(TestRunner.java:614)
at org.testng.SuiteRunner.runTest(SuiteRunner.java:421)
at org.testng.SuiteRunner.runSequentially(SuiteRunner.java:413)
at org.testng.SuiteRunner.privateRun(SuiteRunner.java:373)
at org.testng.SuiteRunner.run(SuiteRunner.java:312)
at org.testng.SuiteRunnerWorker.runSuite(SuiteRunnerWorker.java:52)
at org.testng.SuiteRunnerWorker.run(SuiteRunnerWorker.java:95)
at org.testng.TestNG.runSuitesSequentially(TestNG.java:1274)
at org.testng.TestNG.runSuitesLocally(TestNG.java:1208)
at org.testng.TestNG.runSuites(TestNG.java:1112)
at org.testng.TestNG.run(TestNG.java:1079)
at org.testng.remote.AbstractRemoteTestNG.run(AbstractRemoteTestNG.java:115)
at org.testng.remote.RemoteTestNG.initAndRun(RemoteTestNG.java:293)
at org.testng.remote.RemoteTestNG.main(RemoteTestNG.java:91)
]]>
    </failure>
  </testcase> <!-- ChaseRequest_With_Single_Matching_RG_01 -->
  <testcase classname="APIs.DemoTestKavyaStory" name="ChaseRequest_With_Single_Matching_RG_01" time="1.391"/>
  <testcase classname="APIs.DemoTestKavyaStory" name="ChaseRequest_With_Single_Matching_RG_01" time="1.083"/>
  <testcase classname="APIs.DemoTestKavyaStory" name="ChaseRequest_With_Single_Matching_RG_01" time="4.897"/>
  <testcase classname="APIs.DemoTestKavyaStory" name="ChaseRequest_With_Single_Matching_RG_01" time="2.282"/>
  <testcase classname="APIs.DemoTestKavyaStory" name="ChaseRequest_With_Single_Matching_RG_01" time="1.110"/>
  <testcase classname="APIs.DemoTestKavyaStory" name="ChaseRequest_With_Single_Matching_RG_01" time="1.390"/>
  <testcase classname="APIs.DemoTestKavyaStory" name="ChaseRequest_With_Single_Matching_RG_01" time="2.096"/>
  <testcase classname="APIs.DemoTestKavyaStory" name="ChaseRequest_With_Single_Matching_RG_01" time="1.269"/>
  <testcase classname="APIs.DemoTestKavyaStory" name="ChaseRequest_With_Single_Matching_RG_01" time="1.290"/>
  <testcase classname="APIs.DemoTestKavyaStory" name="ChaseRequest_With_Single_Matching_RG_01" time="1.282"/>
  <testcase classname="APIs.DemoTestKavyaStory" name="ChaseRequest_With_Single_Matching_RG_01" time="1.245"/>
  <testcase classname="APIs.DemoTestKavyaStory" name="ChaseRequest_With_Single_Matching_RG_01" time="12.375">
    <failure message="1 expectation failed.
Expected status code &lt;202&gt; but was &lt;500&gt;.
" type="java.lang.AssertionError">
      <![CDATA[java.lang.AssertionError: 1 expectation failed.
Expected status code <202> but was <500>.

at java.base/jdk.internal.reflect.NativeConstructorAccessorImpl.newInstance0(Native Method)
at java.base/jdk.internal.reflect.NativeConstructorAccessorImpl.newInstance(NativeConstructorAccessorImpl.java:78)
at java.base/jdk.internal.reflect.DelegatingConstructorAccessorImpl.newInstance(DelegatingConstructorAccessorImpl.java:45)
at java.base/java.lang.reflect.Constructor.newInstanceWithCaller(Constructor.java:499)
at java.base/java.lang.reflect.Constructor.newInstance(Constructor.java:480)
at org.codehaus.groovy.reflection.CachedConstructor.invoke(CachedConstructor.java:73)
at org.codehaus.groovy.runtime.callsite.ConstructorSite$ConstructorSiteNoUnwrapNoCoerce.callConstructor(ConstructorSite.java:108)
at org.codehaus.groovy.runtime.callsite.AbstractCallSite.callConstructor(AbstractCallSite.java:277)
at io.restassured.internal.ResponseSpecificationImpl$HamcrestAssertionClosure.validate(ResponseSpecificationImpl.groovy:512)
at io.restassured.internal.ResponseSpecificationImpl$HamcrestAssertionClosure$validate$1.call(Unknown Source)
at io.restassured.internal.ResponseSpecificationImpl.validateResponseIfRequired(ResponseSpecificationImpl.groovy:696)
at io.restassured.internal.ResponseSpecificationImpl.this$2$validateResponseIfRequired(ResponseSpecificationImpl.groovy)
at jdk.internal.reflect.GeneratedMethodAccessor116.invoke(Unknown Source)
at java.base/jdk.internal.reflect.DelegatingMethodAccessorImpl.invoke(DelegatingMethodAccessorImpl.java:43)
at java.base/java.lang.reflect.Method.invoke(Method.java:567)
at org.codehaus.groovy.runtime.callsite.PlainObjectMetaMethodSite.doInvoke(PlainObjectMetaMethodSite.java:43)
at org.codehaus.groovy.runtime.callsite.PogoMetaMethodSite$PogoCachedMethodSiteNoUnwrapNoCoerce.invoke(PogoMetaMethodSite.java:198)
at org.codehaus.groovy.runtime.callsite.PogoMetaMethodSite.callCurrent(PogoMetaMethodSite.java:62)
at org.codehaus.groovy.runtime.callsite.AbstractCallSite.callCurrent(AbstractCallSite.java:185)
at io.restassured.internal.ResponseSpecificationImpl.statusCode(ResponseSpecificationImpl.groovy:135)
at io.restassured.specification.ResponseSpecification$statusCode$0.callCurrent(Unknown Source)
at io.restassured.internal.ResponseSpecificationImpl.statusCode(ResponseSpecificationImpl.groovy:143)
at io.restassured.internal.ValidatableResponseOptionsImpl.statusCode(ValidatableResponseOptionsImpl.java:89)
at APIs.DemoTestKavyaStory.ChaseRequest_With_Single_Matching_RG_01(DemoTestKavyaStory.java:33)
at jdk.internal.reflect.GeneratedMethodAccessor122.invoke(Unknown Source)
at java.base/jdk.internal.reflect.DelegatingMethodAccessorImpl.invoke(DelegatingMethodAccessorImpl.java:43)
at java.base/java.lang.reflect.Method.invoke(Method.java:567)
at org.testng.internal.invokers.MethodInvocationHelper.invokeMethod(MethodInvocationHelper.java:141)
at org.testng.internal.invokers.TestInvoker.invokeMethod(TestInvoker.java:686)
at org.testng.internal.invokers.TestInvoker.invokeTestMethod(TestInvoker.java:230)
at org.testng.internal.invokers.MethodRunner.runInSequence(MethodRunner.java:63)
at org.testng.internal.invokers.TestInvoker$MethodInvocationAgent.invoke(TestInvoker.java:992)
at org.testng.internal.invokers.TestInvoker.invokeTestMethods(TestInvoker.java:203)
at org.testng.internal.invokers.TestMethodWorker.invokeTestMethods(TestMethodWorker.java:154)
at org.testng.internal.invokers.TestMethodWorker.run(TestMethodWorker.java:134)
at java.base/java.util.ArrayList.forEach(ArrayList.java:1511)
at org.testng.TestRunner.privateRun(TestRunner.java:739)
at org.testng.TestRunner.run(TestRunner.java:614)
at org.testng.SuiteRunner.runTest(SuiteRunner.java:421)
at org.testng.SuiteRunner.runSequentially(SuiteRunner.java:413)
at org.testng.SuiteRunner.privateRun(SuiteRunner.java:373)
at org.testng.SuiteRunner.run(SuiteRunner.java:312)
at org.testng.SuiteRunnerWorker.runSuite(SuiteRunnerWorker.java:52)
at org.testng.SuiteRunnerWorker.run(SuiteRunnerWorker.java:95)
at org.testng.TestNG.runSuitesSequentially(TestNG.java:1274)
at org.testng.TestNG.runSuitesLocally(TestNG.java:1208)
at org.testng.TestNG.runSuites(TestNG.java:1112)
at org.testng.TestNG.run(TestNG.java:1079)
at org.testng.remote.AbstractRemoteTestNG.run(AbstractRemoteTestNG.java:115)
at org.testng.remote.RemoteTestNG.initAndRun(RemoteTestNG.java:293)
at org.testng.remote.RemoteTestNG.main(RemoteTestNG.java:91)
]]>
    </failure>
  </testcase> <!-- ChaseRequest_With_Single_Matching_RG_01 -->
  <testcase classname="APIs.DemoTestKavyaStory" name="ChaseRequest_With_Single_Matching_RG_01" time="1.005"/>
  <testcase classname="APIs.DemoTestKavyaStory" name="ChaseRequest_With_Single_Matching_RG_01" time="0.950"/>
  <testcase classname="APIs.DemoTestKavyaStory" name="ChaseRequest_With_Single_Matching_RG_01" time="1.354"/>
  <testcase classname="APIs.DemoTestKavyaStory" name="ChaseRequest_With_Single_Matching_RG_01" time="0.990"/>
  <testcase classname="APIs.DemoTestKavyaStory" name="ChaseRequest_With_Single_Matching_RG_01" time="1.286"/>
  <testcase classname="APIs.DemoTestKavyaStory" name="ChaseRequest_With_Single_Matching_RG_01" time="1.190"/>
  <testcase classname="APIs.DemoTestKavyaStory" name="ChaseRequest_With_Single_Matching_RG_01" time="9.503"/>
  <testcase classname="APIs.DemoTestKavyaStory" name="ChaseRequest_With_Single_Matching_RG_01" time="1.257"/>
  <testcase classname="APIs.DemoTestKavyaStory" name="ChaseRequest_With_Single_Matching_RG_01" time="1.321"/>
  <testcase classname="APIs.DemoTestKavyaStory" name="ChaseRequest_With_Single_Matching_RG_01" time="1.009"/>
  <testcase classname="APIs.DemoTestKavyaStory" name="ChaseRequest_With_Single_Matching_RG_01" time="1.216"/>
  <testcase classname="APIs.DemoTestKavyaStory" name="ChaseRequest_With_Single_Matching_RG_01" time="1.158"/>
  <testcase classname="APIs.DemoTestKavyaStory" name="ChaseRequest_With_Single_Matching_RG_01" time="11.109">
    <failure message="1 expectation failed.
Expected status code &lt;202&gt; but was &lt;500&gt;.
" type="java.lang.AssertionError">
      <![CDATA[java.lang.AssertionError: 1 expectation failed.
Expected status code <202> but was <500>.

at java.base/jdk.internal.reflect.NativeConstructorAccessorImpl.newInstance0(Native Method)
at java.base/jdk.internal.reflect.NativeConstructorAccessorImpl.newInstance(NativeConstructorAccessorImpl.java:78)
at java.base/jdk.internal.reflect.DelegatingConstructorAccessorImpl.newInstance(DelegatingConstructorAccessorImpl.java:45)
at java.base/java.lang.reflect.Constructor.newInstanceWithCaller(Constructor.java:499)
at java.base/java.lang.reflect.Constructor.newInstance(Constructor.java:480)
at org.codehaus.groovy.reflection.CachedConstructor.invoke(CachedConstructor.java:73)
at org.codehaus.groovy.runtime.callsite.ConstructorSite$ConstructorSiteNoUnwrapNoCoerce.callConstructor(ConstructorSite.java:108)
at org.codehaus.groovy.runtime.callsite.AbstractCallSite.callConstructor(AbstractCallSite.java:277)
at io.restassured.internal.ResponseSpecificationImpl$HamcrestAssertionClosure.validate(ResponseSpecificationImpl.groovy:512)
at io.restassured.internal.ResponseSpecificationImpl$HamcrestAssertionClosure$validate$1.call(Unknown Source)
at io.restassured.internal.ResponseSpecificationImpl.validateResponseIfRequired(ResponseSpecificationImpl.groovy:696)
at io.restassured.internal.ResponseSpecificationImpl.this$2$validateResponseIfRequired(ResponseSpecificationImpl.groovy)
at jdk.internal.reflect.GeneratedMethodAccessor116.invoke(Unknown Source)
at java.base/jdk.internal.reflect.DelegatingMethodAccessorImpl.invoke(DelegatingMethodAccessorImpl.java:43)
at java.base/java.lang.reflect.Method.invoke(Method.java:567)
at org.codehaus.groovy.runtime.callsite.PlainObjectMetaMethodSite.doInvoke(PlainObjectMetaMethodSite.java:43)
at org.codehaus.groovy.runtime.callsite.PogoMetaMethodSite$PogoCachedMethodSiteNoUnwrapNoCoerce.invoke(PogoMetaMethodSite.java:198)
at org.codehaus.groovy.runtime.callsite.PogoMetaMethodSite.callCurrent(PogoMetaMethodSite.java:62)
at org.codehaus.groovy.runtime.callsite.AbstractCallSite.callCurrent(AbstractCallSite.java:185)
at io.restassured.internal.ResponseSpecificationImpl.statusCode(ResponseSpecificationImpl.groovy:135)
at io.restassured.specification.ResponseSpecification$statusCode$0.callCurrent(Unknown Source)
at io.restassured.internal.ResponseSpecificationImpl.statusCode(ResponseSpecificationImpl.groovy:143)
at io.restassured.internal.ValidatableResponseOptionsImpl.statusCode(ValidatableResponseOptionsImpl.java:89)
at APIs.DemoTestKavyaStory.ChaseRequest_With_Single_Matching_RG_01(DemoTestKavyaStory.java:33)
at jdk.internal.reflect.GeneratedMethodAccessor122.invoke(Unknown Source)
at java.base/jdk.internal.reflect.DelegatingMethodAccessorImpl.invoke(DelegatingMethodAccessorImpl.java:43)
at java.base/java.lang.reflect.Method.invoke(Method.java:567)
at org.testng.internal.invokers.MethodInvocationHelper.invokeMethod(MethodInvocationHelper.java:141)
at org.testng.internal.invokers.TestInvoker.invokeMethod(TestInvoker.java:686)
at org.testng.internal.invokers.TestInvoker.invokeTestMethod(TestInvoker.java:230)
at org.testng.internal.invokers.MethodRunner.runInSequence(MethodRunner.java:63)
at org.testng.internal.invokers.TestInvoker$MethodInvocationAgent.invoke(TestInvoker.java:992)
at org.testng.internal.invokers.TestInvoker.invokeTestMethods(TestInvoker.java:203)
at org.testng.internal.invokers.TestMethodWorker.invokeTestMethods(TestMethodWorker.java:154)
at org.testng.internal.invokers.TestMethodWorker.run(TestMethodWorker.java:134)
at java.base/java.util.ArrayList.forEach(ArrayList.java:1511)
at org.testng.TestRunner.privateRun(TestRunner.java:739)
at org.testng.TestRunner.run(TestRunner.java:614)
at org.testng.SuiteRunner.runTest(SuiteRunner.java:421)
at org.testng.SuiteRunner.runSequentially(SuiteRunner.java:413)
at org.testng.SuiteRunner.privateRun(SuiteRunner.java:373)
at org.testng.SuiteRunner.run(SuiteRunner.java:312)
at org.testng.SuiteRunnerWorker.runSuite(SuiteRunnerWorker.java:52)
at org.testng.SuiteRunnerWorker.run(SuiteRunnerWorker.java:95)
at org.testng.TestNG.runSuitesSequentially(TestNG.java:1274)
at org.testng.TestNG.runSuitesLocally(TestNG.java:1208)
at org.testng.TestNG.runSuites(TestNG.java:1112)
at org.testng.TestNG.run(TestNG.java:1079)
at org.testng.remote.AbstractRemoteTestNG.run(AbstractRemoteTestNG.java:115)
at org.testng.remote.RemoteTestNG.initAndRun(RemoteTestNG.java:293)
at org.testng.remote.RemoteTestNG.main(RemoteTestNG.java:91)
]]>
    </failure>
  </testcase> <!-- ChaseRequest_With_Single_Matching_RG_01 -->
  <testcase classname="APIs.DemoTestKavyaStory" name="ChaseRequest_With_Single_Matching_RG_01" time="11.094">
    <failure message="1 expectation failed.
Expected status code &lt;202&gt; but was &lt;500&gt;.
" type="java.lang.AssertionError">
      <![CDATA[java.lang.AssertionError: 1 expectation failed.
Expected status code <202> but was <500>.

at java.base/jdk.internal.reflect.NativeConstructorAccessorImpl.newInstance0(Native Method)
at java.base/jdk.internal.reflect.NativeConstructorAccessorImpl.newInstance(NativeConstructorAccessorImpl.java:78)
at java.base/jdk.internal.reflect.DelegatingConstructorAccessorImpl.newInstance(DelegatingConstructorAccessorImpl.java:45)
at java.base/java.lang.reflect.Constructor.newInstanceWithCaller(Constructor.java:499)
at java.base/java.lang.reflect.Constructor.newInstance(Constructor.java:480)
at org.codehaus.groovy.reflection.CachedConstructor.invoke(CachedConstructor.java:73)
at org.codehaus.groovy.runtime.callsite.ConstructorSite$ConstructorSiteNoUnwrapNoCoerce.callConstructor(ConstructorSite.java:108)
at org.codehaus.groovy.runtime.callsite.AbstractCallSite.callConstructor(AbstractCallSite.java:277)
at io.restassured.internal.ResponseSpecificationImpl$HamcrestAssertionClosure.validate(ResponseSpecificationImpl.groovy:512)
at io.restassured.internal.ResponseSpecificationImpl$HamcrestAssertionClosure$validate$1.call(Unknown Source)
at io.restassured.internal.ResponseSpecificationImpl.validateResponseIfRequired(ResponseSpecificationImpl.groovy:696)
at io.restassured.internal.ResponseSpecificationImpl.this$2$validateResponseIfRequired(ResponseSpecificationImpl.groovy)
at jdk.internal.reflect.GeneratedMethodAccessor116.invoke(Unknown Source)
at java.base/jdk.internal.reflect.DelegatingMethodAccessorImpl.invoke(DelegatingMethodAccessorImpl.java:43)
at java.base/java.lang.reflect.Method.invoke(Method.java:567)
at org.codehaus.groovy.runtime.callsite.PlainObjectMetaMethodSite.doInvoke(PlainObjectMetaMethodSite.java:43)
at org.codehaus.groovy.runtime.callsite.PogoMetaMethodSite$PogoCachedMethodSiteNoUnwrapNoCoerce.invoke(PogoMetaMethodSite.java:198)
at org.codehaus.groovy.runtime.callsite.PogoMetaMethodSite.callCurrent(PogoMetaMethodSite.java:62)
at org.codehaus.groovy.runtime.callsite.AbstractCallSite.callCurrent(AbstractCallSite.java:185)
at io.restassured.internal.ResponseSpecificationImpl.statusCode(ResponseSpecificationImpl.groovy:135)
at io.restassured.specification.ResponseSpecification$statusCode$0.callCurrent(Unknown Source)
at io.restassured.internal.ResponseSpecificationImpl.statusCode(ResponseSpecificationImpl.groovy:143)
at io.restassured.internal.ValidatableResponseOptionsImpl.statusCode(ValidatableResponseOptionsImpl.java:89)
at APIs.DemoTestKavyaStory.ChaseRequest_With_Single_Matching_RG_01(DemoTestKavyaStory.java:33)
at jdk.internal.reflect.GeneratedMethodAccessor122.invoke(Unknown Source)
at java.base/jdk.internal.reflect.DelegatingMethodAccessorImpl.invoke(DelegatingMethodAccessorImpl.java:43)
at java.base/java.lang.reflect.Method.invoke(Method.java:567)
at org.testng.internal.invokers.MethodInvocationHelper.invokeMethod(MethodInvocationHelper.java:141)
at org.testng.internal.invokers.TestInvoker.invokeMethod(TestInvoker.java:686)
at org.testng.internal.invokers.TestInvoker.invokeTestMethod(TestInvoker.java:230)
at org.testng.internal.invokers.MethodRunner.runInSequence(MethodRunner.java:63)
at org.testng.internal.invokers.TestInvoker$MethodInvocationAgent.invoke(TestInvoker.java:992)
at org.testng.internal.invokers.TestInvoker.invokeTestMethods(TestInvoker.java:203)
at org.testng.internal.invokers.TestMethodWorker.invokeTestMethods(TestMethodWorker.java:154)
at org.testng.internal.invokers.TestMethodWorker.run(TestMethodWorker.java:134)
at java.base/java.util.ArrayList.forEach(ArrayList.java:1511)
at org.testng.TestRunner.privateRun(TestRunner.java:739)
at org.testng.TestRunner.run(TestRunner.java:614)
at org.testng.SuiteRunner.runTest(SuiteRunner.java:421)
at org.testng.SuiteRunner.runSequentially(SuiteRunner.java:413)
at org.testng.SuiteRunner.privateRun(SuiteRunner.java:373)
at org.testng.SuiteRunner.run(SuiteRunner.java:312)
at org.testng.SuiteRunnerWorker.runSuite(SuiteRunnerWorker.java:52)
at org.testng.SuiteRunnerWorker.run(SuiteRunnerWorker.java:95)
at org.testng.TestNG.runSuitesSequentially(TestNG.java:1274)
at org.testng.TestNG.runSuitesLocally(TestNG.java:1208)
at org.testng.TestNG.runSuites(TestNG.java:1112)
at org.testng.TestNG.run(TestNG.java:1079)
at org.testng.remote.AbstractRemoteTestNG.run(AbstractRemoteTestNG.java:115)
at org.testng.remote.RemoteTestNG.initAndRun(RemoteTestNG.java:293)
at org.testng.remote.RemoteTestNG.main(RemoteTestNG.java:91)
]]>
    </failure>
  </testcase> <!-- ChaseRequest_With_Single_Matching_RG_01 -->
  <testcase classname="APIs.DemoTestKavyaStory" name="ChaseRequest_With_Single_Matching_RG_01" time="1.082"/>
  <testcase classname="APIs.DemoTestKavyaStory" name="ChaseRequest_With_Single_Matching_RG_01" time="1.265"/>
  <testcase classname="APIs.DemoTestKavyaStory" name="ChaseRequest_With_Single_Matching_RG_01" time="1.156"/>
  <testcase classname="APIs.DemoTestKavyaStory" name="ChaseRequest_With_Single_Matching_RG_01" time="1.212"/>
  <testcase classname="APIs.DemoTestKavyaStory" name="ChaseRequest_With_Single_Matching_RG_01" time="1.842"/>
  <testcase classname="APIs.DemoTestKavyaStory" name="ChaseRequest_With_Single_Matching_RG_01" time="1.215"/>
  <testcase classname="APIs.DemoTestKavyaStory" name="ChaseRequest_With_Single_Matching_RG_01" time="1.227"/>
  <testcase classname="APIs.DemoTestKavyaStory" name="ChaseRequest_With_Single_Matching_RG_01" time="1.238"/>
  <testcase classname="APIs.DemoTestKavyaStory" name="ChaseRequest_With_Single_Matching_RG_01" time="1.215"/>
  <testcase classname="APIs.DemoTestKavyaStory" name="ChaseRequest_With_Single_Matching_RG_01" time="1.241"/>
  <testcase classname="APIs.DemoTestKavyaStory" name="ChaseRequest_With_Single_Matching_RG_01" time="1.296"/>
  <testcase classname="APIs.DemoTestKavyaStory" name="ChaseRequest_With_Single_Matching_RG_01" time="1.204"/>
  <testcase classname="APIs.DemoTestKavyaStory" name="ChaseRequest_With_Single_Matching_RG_01" time="1.190"/>
  <testcase classname="APIs.DemoTestKavyaStory" name="ChaseRequest_With_Single_Matching_RG_01" time="1.220"/>
  <testcase classname="APIs.DemoTestKavyaStory" name="ChaseRequest_With_Single_Matching_RG_01" time="0.966"/>
  <testcase classname="APIs.DemoTestKavyaStory" name="ChaseRequest_With_Single_Matching_RG_01" time="1.000"/>
  <testcase classname="APIs.DemoTestKavyaStory" name="ChaseRequest_With_Single_Matching_RG_01" time="1.281"/>
  <testcase classname="APIs.DemoTestKavyaStory" name="ChaseRequest_With_Single_Matching_RG_01" time="6.197"/>
  <testcase classname="APIs.DemoTestKavyaStory" name="ChaseRequest_With_Single_Matching_RG_01" time="1.236"/>
  <testcase classname="APIs.DemoTestKavyaStory" name="ChaseRequest_With_Single_Matching_RG_01" time="1.223"/>
  <testcase classname="APIs.DemoTestKavyaStory" name="ChaseRequest_With_Single_Matching_RG_01" time="1.218"/>
  <testcase classname="APIs.DemoTestKavyaStory" name="ChaseRequest_With_Single_Matching_RG_01" time="0.935"/>
  <testcase classname="APIs.DemoTestKavyaStory" name="ChaseRequest_With_Single_Matching_RG_01" time="1.180"/>
  <testcase classname="APIs.DemoTestKavyaStory" name="ChaseRequest_With_Single_Matching_RG_01" time="1.213"/>
  <testcase classname="APIs.DemoTestKavyaStory" name="ChaseRequest_With_Single_Matching_RG_01" time="1.251"/>
  <testcase classname="APIs.DemoTestKavyaStory" name="ChaseRequest_With_Single_Matching_RG_01" time="1.229"/>
  <testcase classname="APIs.DemoTestKavyaStory" name="ChaseRequest_With_Single_Matching_RG_01" time="1.228"/>
  <testcase classname="APIs.DemoTestKavyaStory" name="ChaseRequest_With_Single_Matching_RG_01" time="1.213"/>
  <testcase classname="APIs.DemoTestKavyaStory" name="ChaseRequest_With_Single_Matching_RG_01" time="1.098"/>
  <testcase classname="APIs.DemoTestKavyaStory" name="ChaseRequest_With_Single_Matching_RG_01" time="1.234"/>
  <testcase classname="APIs.DemoTestKavyaStory" name="ChaseRequest_With_Single_Matching_RG_01" time="1.260"/>
  <testcase classname="APIs.DemoTestKavyaStory" name="ChaseRequest_With_Single_Matching_RG_01" time="1.229"/>
  <testcase classname="APIs.DemoTestKavyaStory" name="ChaseRequest_With_Single_Matching_RG_01" time="1.095"/>
  <testcase classname="APIs.DemoTestKavyaStory" name="ChaseRequest_With_Single_Matching_RG_01" time="1.660"/>
  <testcase classname="APIs.DemoTestKavyaStory" name="ChaseRequest_With_Single_Matching_RG_01" time="1.237"/>
  <testcase classname="APIs.DemoTestKavyaStory" name="ChaseRequest_With_Single_Matching_RG_01" time="1.253"/>
  <testcase classname="APIs.DemoTestKavyaStory" name="ChaseRequest_With_Single_Matching_RG_01" time="1.060"/>
  <testcase classname="APIs.DemoTestKavyaStory" name="ChaseRequest_With_Single_Matching_RG_01" time="1.132"/>
  <testcase classname="APIs.DemoTestKavyaStory" name="ChaseRequest_With_Single_Matching_RG_01" time="1.343"/>
  <testcase classname="APIs.DemoTestKavyaStory" name="ChaseRequest_With_Single_Matching_RG_01" time="1.305"/>
  <testcase classname="APIs.DemoTestKavyaStory" name="ChaseRequest_With_Single_Matching_RG_01" time="1.252"/>
  <testcase classname="APIs.DemoTestKavyaStory" name="ChaseRequest_With_Single_Matching_RG_01" time="1.310"/>
  <testcase classname="APIs.DemoTestKavyaStory" name="ChaseRequest_With_Single_Matching_RG_01" time="1.429"/>
  <testcase classname="APIs.DemoTestKavyaStory" name="ChaseRequest_With_Single_Matching_RG_01" time="1.244"/>
  <testcase classname="APIs.DemoTestKavyaStory" name="ChaseRequest_With_Single_Matching_RG_01" time="12.410">
    <failure message="1 expectation failed.
Expected status code &lt;202&gt; but was &lt;500&gt;.
" type="java.lang.AssertionError">
      <![CDATA[java.lang.AssertionError: 1 expectation failed.
Expected status code <202> but was <500>.

at java.base/jdk.internal.reflect.NativeConstructorAccessorImpl.newInstance0(Native Method)
at java.base/jdk.internal.reflect.NativeConstructorAccessorImpl.newInstance(NativeConstructorAccessorImpl.java:78)
at java.base/jdk.internal.reflect.DelegatingConstructorAccessorImpl.newInstance(DelegatingConstructorAccessorImpl.java:45)
at java.base/java.lang.reflect.Constructor.newInstanceWithCaller(Constructor.java:499)
at java.base/java.lang.reflect.Constructor.newInstance(Constructor.java:480)
at org.codehaus.groovy.reflection.CachedConstructor.invoke(CachedConstructor.java:73)
at org.codehaus.groovy.runtime.callsite.ConstructorSite$ConstructorSiteNoUnwrapNoCoerce.callConstructor(ConstructorSite.java:108)
at org.codehaus.groovy.runtime.callsite.AbstractCallSite.callConstructor(AbstractCallSite.java:277)
at io.restassured.internal.ResponseSpecificationImpl$HamcrestAssertionClosure.validate(ResponseSpecificationImpl.groovy:512)
at io.restassured.internal.ResponseSpecificationImpl$HamcrestAssertionClosure$validate$1.call(Unknown Source)
at io.restassured.internal.ResponseSpecificationImpl.validateResponseIfRequired(ResponseSpecificationImpl.groovy:696)
at io.restassured.internal.ResponseSpecificationImpl.this$2$validateResponseIfRequired(ResponseSpecificationImpl.groovy)
at jdk.internal.reflect.GeneratedMethodAccessor116.invoke(Unknown Source)
at java.base/jdk.internal.reflect.DelegatingMethodAccessorImpl.invoke(DelegatingMethodAccessorImpl.java:43)
at java.base/java.lang.reflect.Method.invoke(Method.java:567)
at org.codehaus.groovy.runtime.callsite.PlainObjectMetaMethodSite.doInvoke(PlainObjectMetaMethodSite.java:43)
at org.codehaus.groovy.runtime.callsite.PogoMetaMethodSite$PogoCachedMethodSiteNoUnwrapNoCoerce.invoke(PogoMetaMethodSite.java:198)
at org.codehaus.groovy.runtime.callsite.PogoMetaMethodSite.callCurrent(PogoMetaMethodSite.java:62)
at org.codehaus.groovy.runtime.callsite.AbstractCallSite.callCurrent(AbstractCallSite.java:185)
at io.restassured.internal.ResponseSpecificationImpl.statusCode(ResponseSpecificationImpl.groovy:135)
at io.restassured.specification.ResponseSpecification$statusCode$0.callCurrent(Unknown Source)
at io.restassured.internal.ResponseSpecificationImpl.statusCode(ResponseSpecificationImpl.groovy:143)
at io.restassured.internal.ValidatableResponseOptionsImpl.statusCode(ValidatableResponseOptionsImpl.java:89)
at APIs.DemoTestKavyaStory.ChaseRequest_With_Single_Matching_RG_01(DemoTestKavyaStory.java:33)
at jdk.internal.reflect.GeneratedMethodAccessor122.invoke(Unknown Source)
at java.base/jdk.internal.reflect.DelegatingMethodAccessorImpl.invoke(DelegatingMethodAccessorImpl.java:43)
at java.base/java.lang.reflect.Method.invoke(Method.java:567)
at org.testng.internal.invokers.MethodInvocationHelper.invokeMethod(MethodInvocationHelper.java:141)
at org.testng.internal.invokers.TestInvoker.invokeMethod(TestInvoker.java:686)
at org.testng.internal.invokers.TestInvoker.invokeTestMethod(TestInvoker.java:230)
at org.testng.internal.invokers.MethodRunner.runInSequence(MethodRunner.java:63)
at org.testng.internal.invokers.TestInvoker$MethodInvocationAgent.invoke(TestInvoker.java:992)
at org.testng.internal.invokers.TestInvoker.invokeTestMethods(TestInvoker.java:203)
at org.testng.internal.invokers.TestMethodWorker.invokeTestMethods(TestMethodWorker.java:154)
at org.testng.internal.invokers.TestMethodWorker.run(TestMethodWorker.java:134)
at java.base/java.util.ArrayList.forEach(ArrayList.java:1511)
at org.testng.TestRunner.privateRun(TestRunner.java:739)
at org.testng.TestRunner.run(TestRunner.java:614)
at org.testng.SuiteRunner.runTest(SuiteRunner.java:421)
at org.testng.SuiteRunner.runSequentially(SuiteRunner.java:413)
at org.testng.SuiteRunner.privateRun(SuiteRunner.java:373)
at org.testng.SuiteRunner.run(SuiteRunner.java:312)
at org.testng.SuiteRunnerWorker.runSuite(SuiteRunnerWorker.java:52)
at org.testng.SuiteRunnerWorker.run(SuiteRunnerWorker.java:95)
at org.testng.TestNG.runSuitesSequentially(TestNG.java:1274)
at org.testng.TestNG.runSuitesLocally(TestNG.java:1208)
at org.testng.TestNG.runSuites(TestNG.java:1112)
at org.testng.TestNG.run(TestNG.java:1079)
at org.testng.remote.AbstractRemoteTestNG.run(AbstractRemoteTestNG.java:115)
at org.testng.remote.RemoteTestNG.initAndRun(RemoteTestNG.java:293)
at org.testng.remote.RemoteTestNG.main(RemoteTestNG.java:91)
]]>
    </failure>
  </testcase> <!-- ChaseRequest_With_Single_Matching_RG_01 -->
  <testcase classname="APIs.DemoTestKavyaStory" name="ChaseRequest_With_Single_Matching_RG_01" time="1.256"/>
  <testcase classname="APIs.DemoTestKavyaStory" name="ChaseRequest_With_Single_Matching_RG_01" time="1.518"/>
  <testcase classname="APIs.DemoTestKavyaStory" name="ChaseRequest_With_Single_Matching_RG_01" time="1.204"/>
  <testcase classname="APIs.DemoTestKavyaStory" name="ChaseRequest_With_Single_Matching_RG_01" time="1.020"/>
  <testcase classname="APIs.DemoTestKavyaStory" name="ChaseRequest_With_Single_Matching_RG_01" time="1.314"/>
  <testcase classname="APIs.DemoTestKavyaStory" name="ChaseRequest_With_Single_Matching_RG_01" time="1.020"/>
  <testcase classname="APIs.DemoTestKavyaStory" name="ChaseRequest_With_Single_Matching_RG_01" time="1.225"/>
  <testcase classname="APIs.DemoTestKavyaStory" name="ChaseRequest_With_Single_Matching_RG_01" time="1.277"/>
  <testcase classname="APIs.DemoTestKavyaStory" name="ChaseRequest_With_Single_Matching_RG_01" time="0.944"/>
  <testcase classname="APIs.DemoTestKavyaStory" name="ChaseRequest_With_Single_Matching_RG_01" time="1.264"/>
  <testcase classname="APIs.DemoTestKavyaStory" name="ChaseRequest_With_Single_Matching_RG_01" time="1.249"/>
  <testcase classname="APIs.DemoTestKavyaStory" name="ChaseRequest_With_Single_Matching_RG_01" time="1.202"/>
  <testcase classname="APIs.DemoTestKavyaStory" name="ChaseRequest_With_Single_Matching_RG_01" time="1.253"/>
  <testcase classname="APIs.DemoTestKavyaStory" name="ChaseRequest_With_Single_Matching_RG_01" time="1.260"/>
  <testcase classname="APIs.DemoTestKavyaStory" name="ChaseRequest_With_Single_Matching_RG_01" time="1.260"/>
  <testcase classname="APIs.DemoTestKavyaStory" name="ChaseRequest_With_Single_Matching_RG_01" time="1.247"/>
  <testcase classname="APIs.DemoTestKavyaStory" name="ChaseRequest_With_Single_Matching_RG_01" time="1.207"/>
  <testcase classname="APIs.DemoTestKavyaStory" name="ChaseRequest_With_Single_Matching_RG_01" time="1.232"/>
  <testcase classname="APIs.DemoTestKavyaStory" name="ChaseRequest_With_Single_Matching_RG_01" time="1.108"/>
  <testcase classname="APIs.DemoTestKavyaStory" name="ChaseRequest_With_Single_Matching_RG_01" time="1.240"/>
  <testcase classname="APIs.DemoTestKavyaStory" name="ChaseRequest_With_Single_Matching_RG_01" time="1.354"/>
  <testcase classname="APIs.DemoTestKavyaStory" name="ChaseRequest_With_Single_Matching_RG_01" time="1.249"/>
  <testcase classname="APIs.DemoTestKavyaStory" name="ChaseRequest_With_Single_Matching_RG_01" time="1.531"/>
  <testcase classname="APIs.DemoTestKavyaStory" name="ChaseRequest_With_Single_Matching_RG_01" time="1.196"/>
  <testcase classname="APIs.DemoTestKavyaStory" name="ChaseRequest_With_Single_Matching_RG_01" time="1.298"/>
  <testcase classname="APIs.DemoTestKavyaStory" name="ChaseRequest_With_Single_Matching_RG_01" time="1.318"/>
  <testcase classname="APIs.DemoTestKavyaStory" name="ChaseRequest_With_Single_Matching_RG_01" time="1.216"/>
  <testcase classname="APIs.DemoTestKavyaStory" name="ChaseRequest_With_Single_Matching_RG_01" time="3.621"/>
  <testcase classname="APIs.DemoTestKavyaStory" name="ChaseRequest_With_Single_Matching_RG_01" time="0.985"/>
  <testcase classname="APIs.DemoTestKavyaStory" name="ChaseRequest_With_Single_Matching_RG_01" time="1.227"/>
  <testcase classname="APIs.DemoTestKavyaStory" name="ChaseRequest_With_Single_Matching_RG_01" time="0.937"/>
  <testcase classname="APIs.DemoTestKavyaStory" name="ChaseRequest_With_Single_Matching_RG_01" time="1.205"/>
  <testcase classname="APIs.DemoTestKavyaStory" name="ChaseRequest_With_Single_Matching_RG_01" time="1.239"/>
  <testcase classname="APIs.DemoTestKavyaStory" name="ChaseRequest_With_Single_Matching_RG_01" time="1.033"/>
  <testcase classname="APIs.DemoTestKavyaStory" name="ChaseRequest_With_Single_Matching_RG_01" time="1.240"/>
  <testcase classname="APIs.DemoTestKavyaStory" name="ChaseRequest_With_Single_Matching_RG_01" time="1.247"/>
  <testcase classname="APIs.DemoTestKavyaStory" name="ChaseRequest_With_Single_Matching_RG_01" time="0.983"/>
  <testcase classname="APIs.DemoTestKavyaStory" name="ChaseRequest_With_Single_Matching_RG_01" time="1.295"/>
  <testcase classname="APIs.DemoTestKavyaStory" name="ChaseRequest_With_Single_Matching_RG_01" time="1.218"/>
  <testcase classname="APIs.DemoTestKavyaStory" name="ChaseRequest_With_Single_Matching_RG_01" time="1.220"/>
  <testcase classname="APIs.DemoTestKavyaStory" name="ChaseRequest_With_Single_Matching_RG_01" time="1.299"/>
  <testcase classname="APIs.DemoTestKavyaStory" name="ChaseRequest_With_Single_Matching_RG_01" time="1.100"/>
  <testcase classname="APIs.DemoTestKavyaStory" name="ChaseRequest_With_Single_Matching_RG_01" time="11.288">
    <failure message="1 expectation failed.
Expected status code &lt;202&gt; but was &lt;500&gt;.
" type="java.lang.AssertionError">
      <![CDATA[java.lang.AssertionError: 1 expectation failed.
Expected status code <202> but was <500>.

at java.base/jdk.internal.reflect.NativeConstructorAccessorImpl.newInstance0(Native Method)
at java.base/jdk.internal.reflect.NativeConstructorAccessorImpl.newInstance(NativeConstructorAccessorImpl.java:78)
at java.base/jdk.internal.reflect.DelegatingConstructorAccessorImpl.newInstance(DelegatingConstructorAccessorImpl.java:45)
at java.base/java.lang.reflect.Constructor.newInstanceWithCaller(Constructor.java:499)
at java.base/java.lang.reflect.Constructor.newInstance(Constructor.java:480)
at org.codehaus.groovy.reflection.CachedConstructor.invoke(CachedConstructor.java:73)
at org.codehaus.groovy.runtime.callsite.ConstructorSite$ConstructorSiteNoUnwrapNoCoerce.callConstructor(ConstructorSite.java:108)
at org.codehaus.groovy.runtime.callsite.CallSiteArray.defaultCallConstructor(CallSiteArray.java:57)
at org.codehaus.groovy.runtime.callsite.AbstractCallSite.callConstructor(AbstractCallSite.java:263)
at org.codehaus.groovy.runtime.callsite.AbstractCallSite.callConstructor(AbstractCallSite.java:277)
at io.restassured.internal.ResponseSpecificationImpl$HamcrestAssertionClosure.validate(ResponseSpecificationImpl.groovy:512)
at io.restassured.internal.ResponseSpecificationImpl$HamcrestAssertionClosure$validate$1.call(Unknown Source)
at io.restassured.internal.ResponseSpecificationImpl.validateResponseIfRequired(ResponseSpecificationImpl.groovy:696)
at io.restassured.internal.ResponseSpecificationImpl.this$2$validateResponseIfRequired(ResponseSpecificationImpl.groovy)
at jdk.internal.reflect.GeneratedMethodAccessor116.invoke(Unknown Source)
at java.base/jdk.internal.reflect.DelegatingMethodAccessorImpl.invoke(DelegatingMethodAccessorImpl.java:43)
at java.base/java.lang.reflect.Method.invoke(Method.java:567)
at org.codehaus.groovy.runtime.callsite.PlainObjectMetaMethodSite.doInvoke(PlainObjectMetaMethodSite.java:43)
at org.codehaus.groovy.runtime.callsite.PogoMetaMethodSite$PogoCachedMethodSiteNoUnwrapNoCoerce.invoke(PogoMetaMethodSite.java:198)
at org.codehaus.groovy.runtime.callsite.PogoMetaMethodSite.callCurrent(PogoMetaMethodSite.java:62)
at org.codehaus.groovy.runtime.callsite.AbstractCallSite.callCurrent(AbstractCallSite.java:185)
at io.restassured.internal.ResponseSpecificationImpl.statusCode(ResponseSpecificationImpl.groovy:135)
at io.restassured.specification.ResponseSpecification$statusCode$0.callCurrent(Unknown Source)
at io.restassured.internal.ResponseSpecificationImpl.statusCode(ResponseSpecificationImpl.groovy:143)
at io.restassured.internal.ValidatableResponseOptionsImpl.statusCode(ValidatableResponseOptionsImpl.java:89)
at APIs.DemoTestKavyaStory.ChaseRequest_With_Single_Matching_RG_01(DemoTestKavyaStory.java:33)
at jdk.internal.reflect.GeneratedMethodAccessor122.invoke(Unknown Source)
at java.base/jdk.internal.reflect.DelegatingMethodAccessorImpl.invoke(DelegatingMethodAccessorImpl.java:43)
at java.base/java.lang.reflect.Method.invoke(Method.java:567)
at org.testng.internal.invokers.MethodInvocationHelper.invokeMethod(MethodInvocationHelper.java:141)
at org.testng.internal.invokers.TestInvoker.invokeMethod(TestInvoker.java:686)
at org.testng.internal.invokers.TestInvoker.invokeTestMethod(TestInvoker.java:230)
at org.testng.internal.invokers.MethodRunner.runInSequence(MethodRunner.java:63)
at org.testng.internal.invokers.TestInvoker$MethodInvocationAgent.invoke(TestInvoker.java:992)
at org.testng.internal.invokers.TestInvoker.invokeTestMethods(TestInvoker.java:203)
at org.testng.internal.invokers.TestMethodWorker.invokeTestMethods(TestMethodWorker.java:154)
at org.testng.internal.invokers.TestMethodWorker.run(TestMethodWorker.java:134)
at java.base/java.util.ArrayList.forEach(ArrayList.java:1511)
at org.testng.TestRunner.privateRun(TestRunner.java:739)
at org.testng.TestRunner.run(TestRunner.java:614)
at org.testng.SuiteRunner.runTest(SuiteRunner.java:421)
at org.testng.SuiteRunner.runSequentially(SuiteRunner.java:413)
at org.testng.SuiteRunner.privateRun(SuiteRunner.java:373)
at org.testng.SuiteRunner.run(SuiteRunner.java:312)
at org.testng.SuiteRunnerWorker.runSuite(SuiteRunnerWorker.java:52)
at org.testng.SuiteRunnerWorker.run(SuiteRunnerWorker.java:95)
at org.testng.TestNG.runSuitesSequentially(TestNG.java:1274)
at org.testng.TestNG.runSuitesLocally(TestNG.java:1208)
at org.testng.TestNG.runSuites(TestNG.java:1112)
at org.testng.TestNG.run(TestNG.java:1079)
at org.testng.remote.AbstractRemoteTestNG.run(AbstractRemoteTestNG.java:115)
at org.testng.remote.RemoteTestNG.initAndRun(RemoteTestNG.java:293)
at org.testng.remote.RemoteTestNG.main(RemoteTestNG.java:91)
]]>
    </failure>
  </testcase> <!-- ChaseRequest_With_Single_Matching_RG_01 -->
  <testcase classname="APIs.DemoTestKavyaStory" name="ChaseRequest_With_Single_Matching_RG_01" time="1.231"/>
  <testcase classname="APIs.DemoTestKavyaStory" name="ChaseRequest_With_Single_Matching_RG_01" time="1.244"/>
  <testcase classname="APIs.DemoTestKavyaStory" name="ChaseRequest_With_Single_Matching_RG_01" time="1.289"/>
  <testcase classname="APIs.DemoTestKavyaStory" name="ChaseRequest_With_Single_Matching_RG_01" time="1.282"/>
  <testcase classname="APIs.DemoTestKavyaStory" name="ChaseRequest_With_Single_Matching_RG_01" time="1.188"/>
  <testcase classname="APIs.DemoTestKavyaStory" name="ChaseRequest_With_Single_Matching_RG_01" time="1.285"/>
  <testcase classname="APIs.DemoTestKavyaStory" name="ChaseRequest_With_Single_Matching_RG_01" time="1.189"/>
  <testcase classname="APIs.DemoTestKavyaStory" name="ChaseRequest_With_Single_Matching_RG_01" time="1.250"/>
  <testcase classname="APIs.DemoTestKavyaStory" name="ChaseRequest_With_Single_Matching_RG_01" time="1.204"/>
  <testcase classname="APIs.DemoTestKavyaStory" name="ChaseRequest_With_Single_Matching_RG_01" time="1.229"/>
  <testcase classname="APIs.DemoTestKavyaStory" name="ChaseRequest_With_Single_Matching_RG_01" time="1.239"/>
  <testcase classname="APIs.DemoTestKavyaStory" name="ChaseRequest_With_Single_Matching_RG_01" time="1.235"/>
  <testcase classname="APIs.DemoTestKavyaStory" name="ChaseRequest_With_Single_Matching_RG_01" time="1.220"/>
</testsuite> <!-- APIs.DemoTestKavyaStory -->
